{"meta": {"format": 3, "version": "7.11.0", "timestamp": "2025-10-25T20:27:17.709650", "branch_coverage": false, "show_contexts": false}, "files": {"src/questionary_extended/__init__.py": {"executed_lines": [1, 10, 14, 15, 17, 18, 28, 36, 52, 53, 56, 63, 69, 75, 89], "summary": {"covered_lines": 14, "num_statements": 18, "percent_covered": 77.77777777777777, "percent_covered_display": "78", "missing_lines": 4, "excluded_lines": 0}, "missing_lines": [19, 21, 22, 25], "excluded_lines": [], "functions": {"": {"executed_lines": [1, 10, 14, 15, 17, 18, 28, 36, 52, 53, 56, 63, 69, 75, 89], "summary": {"covered_lines": 14, "num_statements": 18, "percent_covered": 77.77777777777777, "percent_covered_display": "78", "missing_lines": 4, "excluded_lines": 0}, "missing_lines": [19, 21, 22, 25], "excluded_lines": []}}, "classes": {"": {"executed_lines": [1, 10, 14, 15, 17, 18, 28, 36, 52, 53, 56, 63, 69, 75, 89], "summary": {"covered_lines": 14, "num_statements": 18, "percent_covered": 77.77777777777777, "percent_covered_display": "78", "missing_lines": 4, "excluded_lines": 0}, "missing_lines": [19, 21, 22, 25], "excluded_lines": []}}}, "src/questionary_extended/_questionary_proxy.py": {"executed_lines": [1, 13, 15, 16, 17, 20, 24, 25, 35, 37, 39, 40, 41, 45, 46, 47, 51, 52, 57, 62, 74, 90], "summary": {"covered_lines": 20, "num_statements": 42, "percent_covered": 47.61904761904762, "percent_covered_display": "48", "missing_lines": 22, "excluded_lines": 0}, "missing_lines": [21, 42, 48, 49, 55, 59, 60, 68, 69, 70, 71, 72, 76, 77, 79, 80, 81, 82, 83, 84, 85, 86], "excluded_lines": [], "functions": {"_default_placeholder": {"executed_lines": [], "summary": {"covered_lines": 0, "num_statements": 1, "percent_covered": 0.0, "percent_covered_display": "0", "missing_lines": 1, "excluded_lines": 0}, "missing_lines": [21], "excluded_lines": []}, "QuestionaryProxy.__init__": {"executed_lines": [37], "summary": {"covered_lines": 1, "num_statements": 1, "percent_covered": 100.0, "percent_covered_display": "100", "missing_lines": 0, "excluded_lines": 0}, "missing_lines": [], "excluded_lines": []}, "QuestionaryProxy.__getattr__": {"executed_lines": [40, 41, 45, 46, 47, 51, 52], "summary": {"covered_lines": 7, "num_statements": 11, "percent_covered": 63.63636363636363, "percent_covered_display": "64", "missing_lines": 4, "excluded_lines": 0}, "missing_lines": [42, 48, 49, 55], "excluded_lines": []}, "QuestionaryProxy.__setattr__": {"executed_lines": [], "summary": {"covered_lines": 0, "num_statements": 2, "percent_covered": 0.0, "percent_covered_display": "0", "missing_lines": 2, "excluded_lines": 0}, "missing_lines": [59, 60], "excluded_lines": []}, "QuestionaryProxy.__delattr__": {"executed_lines": [], "summary": {"covered_lines": 0, "num_statements": 5, "percent_covered": 0.0, "percent_covered_display": "0", "missing_lines": 5, "excluded_lines": 0}, "missing_lines": [68, 69, 70, 71, 72], "excluded_lines": []}, "QuestionaryProxy.__dir__": {"executed_lines": [], "summary": {"covered_lines": 0, "num_statements": 10, "percent_covered": 0.0, "percent_covered_display": "0", "missing_lines": 10, "excluded_lines": 0}, "missing_lines": [76, 77, 79, 80, 81, 82, 83, 84, 85, 86], "excluded_lines": []}, "": {"executed_lines": [1, 13, 15, 16, 17, 20, 24, 25, 35, 39, 57, 62, 74, 90], "summary": {"covered_lines": 12, "num_statements": 12, "percent_covered": 100.0, "percent_covered_display": "100", "missing_lines": 0, "excluded_lines": 0}, "missing_lines": [], "excluded_lines": []}}, "classes": {"QuestionaryProxy": {"executed_lines": [37, 40, 41, 45, 46, 47, 51, 52], "summary": {"covered_lines": 8, "num_statements": 29, "percent_covered": 27.586206896551722, "percent_covered_display": "28", "missing_lines": 21, "excluded_lines": 0}, "missing_lines": [42, 48, 49, 55, 59, 60, 68, 69, 70, 71, 72, 76, 77, 79, 80, 81, 82, 83, 84, 85, 86], "excluded_lines": []}, "": {"executed_lines": [1, 13, 15, 16, 17, 20, 24, 25, 35, 39, 57, 62, 74, 90], "summary": {"covered_lines": 12, "num_statements": 13, "percent_covered": 92.3076923076923, "percent_covered_display": "92", "missing_lines": 1, "excluded_lines": 0}, "missing_lines": [21], "excluded_lines": []}}}, "src/questionary_extended/_runtime.py": {"executed_lines": [1, 10, 12, 13, 14, 17, 20, 31, 37, 49, 50, 52, 53, 54, 55], "summary": {"covered_lines": 14, "num_statements": 22, "percent_covered": 63.63636363636363, "percent_covered_display": "64", "missing_lines": 8, "excluded_lines": 0}, "missing_lines": [28, 34, 57, 58, 59, 60, 61, 62], "excluded_lines": [], "functions": {"set_questionary_for_tests": {"executed_lines": [], "summary": {"covered_lines": 0, "num_statements": 1, "percent_covered": 0.0, "percent_covered_display": "0", "missing_lines": 1, "excluded_lines": 0}, "missing_lines": [28], "excluded_lines": []}, "clear_questionary_for_tests": {"executed_lines": [], "summary": {"covered_lines": 0, "num_statements": 1, "percent_covered": 0.0, "percent_covered_display": "0", "missing_lines": 1, "excluded_lines": 0}, "missing_lines": [34], "excluded_lines": []}, "get_questionary": {"executed_lines": [49, 50, 52, 53, 54, 55], "summary": {"covered_lines": 6, "num_statements": 12, "percent_covered": 50.0, "percent_covered_display": "50", "missing_lines": 6, "excluded_lines": 0}, "missing_lines": [57, 58, 59, 60, 61, 62], "excluded_lines": []}, "": {"executed_lines": [1, 10, 12, 13, 14, 17, 20, 31, 37], "summary": {"covered_lines": 8, "num_statements": 8, "percent_covered": 100.0, "percent_covered_display": "100", "missing_lines": 0, "excluded_lines": 0}, "missing_lines": [], "excluded_lines": []}}, "classes": {"": {"executed_lines": [1, 10, 12, 13, 14, 17, 20, 31, 37, 49, 50, 52, 53, 54, 55], "summary": {"covered_lines": 14, "num_statements": 22, "percent_covered": 63.63636363636363, "percent_covered_display": "64", "missing_lines": 8, "excluded_lines": 0}, "missing_lines": [28, 34, 57, 58, 59, 60, 61, 62], "excluded_lines": []}}}, "src/questionary_extended/components.py": {"executed_lines": [1, 7, 8, 9, 12, 13, 15, 16, 17, 18, 19, 20, 21, 24, 25, 26, 28, 29, 30, 31, 32, 33, 34, 36, 41, 42, 43, 45, 46, 49, 50, 51, 53, 54, 55, 56, 57, 58, 59, 60, 61, 62, 65, 66, 67, 69, 70, 71, 74, 75, 76, 78, 79, 80, 81, 82, 83, 85, 89, 94, 98, 99, 118, 119, 120, 122, 123, 124, 125, 126, 127, 129, 141, 142, 143, 145, 146, 147, 150, 151, 152, 154, 155, 156, 157, 158, 159, 160, 161, 162, 165, 166, 167, 169, 170, 171, 172, 175, 176, 177, 179, 180, 181, 182, 184, 185], "summary": {"covered_lines": 94, "num_statements": 137, "percent_covered": 68.61313868613139, "percent_covered_display": "69", "missing_lines": 43, "excluded_lines": 0}, "missing_lines": [37, 38, 86, 87, 91, 92, 96, 101, 103, 104, 105, 106, 107, 108, 109, 110, 112, 113, 115, 131, 132, 133, 188, 191, 192, 195, 196, 197, 198, 201, 204, 205, 207, 208, 209, 212, 219, 220, 221, 222, 224, 226, 228], "excluded_lines": [], "functions": {"Choice.__post_init__": {"executed_lines": [], "summary": {"covered_lines": 0, "num_statements": 2, "percent_covered": 0.0, "percent_covered_display": "0", "missing_lines": 2, "excluded_lines": 0}, "missing_lines": [37, 38], "excluded_lines": []}, "TreeNode.__post_init__": {"executed_lines": [], "summary": {"covered_lines": 0, "num_statements": 2, "percent_covered": 0.0, "percent_covered_display": "0", "missing_lines": 2, "excluded_lines": 0}, "missing_lines": [86, 87], "excluded_lines": []}, "TreeNode.add_child": {"executed_lines": [], "summary": {"covered_lines": 0, "num_statements": 2, "percent_covered": 0.0, "percent_covered_display": "0", "missing_lines": 2, "excluded_lines": 0}, "missing_lines": [91, 92], "excluded_lines": []}, "TreeNode.is_leaf": {"executed_lines": [], "summary": {"covered_lines": 0, "num_statements": 1, "percent_covered": 0.0, "percent_covered_display": "0", "missing_lines": 1, "excluded_lines": 0}, "missing_lines": [96], "excluded_lines": []}, "TreeNode.from_dict": {"executed_lines": [], "summary": {"covered_lines": 0, "num_statements": 12, "percent_covered": 0.0, "percent_covered_display": "0", "missing_lines": 12, "excluded_lines": 0}, "missing_lines": [101, 103, 104, 105, 106, 107, 108, 109, 110, 112, 113, 115], "excluded_lines": []}, "ProgressStep.to_question_dict": {"executed_lines": [], "summary": {"covered_lines": 0, "num_statements": 3, "percent_covered": 0.0, "percent_covered_display": "0", "missing_lines": 3, "excluded_lines": 0}, "missing_lines": [131, 132, 133], "excluded_lines": []}, "ColorInfo.from_hex": {"executed_lines": [], "summary": {"covered_lines": 0, "num_statements": 21, "percent_covered": 0.0, "percent_covered_display": "0", "missing_lines": 21, "excluded_lines": 0}, "missing_lines": [188, 191, 192, 195, 196, 197, 198, 201, 204, 205, 207, 208, 209, 212, 219, 220, 221, 222, 224, 226, 228], "excluded_lines": []}, "": {"executed_lines": [1, 7, 8, 9, 12, 13, 15, 16, 17, 18, 19, 20, 21, 24, 25, 26, 28, 29, 30, 31, 32, 33, 34, 36, 41, 42, 43, 45, 46, 49, 50, 51, 53, 54, 55, 56, 57, 58, 59, 60, 61, 62, 65, 66, 67, 69, 70, 71, 74, 75, 76, 78, 79, 80, 81, 82, 83, 85, 89, 94, 98, 99, 118, 119, 120, 122, 123, 124, 125, 126, 127, 129, 141, 142, 143, 145, 146, 147, 150, 151, 152, 154, 155, 156, 157, 158, 159, 160, 161, 162, 165, 166, 167, 169, 170, 171, 172, 175, 176, 177, 179, 180, 181, 182, 184, 185], "summary": {"covered_lines": 94, "num_statements": 94, "percent_covered": 100.0, "percent_covered_display": "100", "missing_lines": 0, "excluded_lines": 0}, "missing_lines": [], "excluded_lines": []}}, "classes": {"ColumnType": {"executed_lines": [], "summary": {"covered_lines": 0, "num_statements": 0, "percent_covered": 100.0, "percent_covered_display": "100", "missing_lines": 0, "excluded_lines": 0}, "missing_lines": [], "excluded_lines": []}, "Choice": {"executed_lines": [], "summary": {"covered_lines": 0, "num_statements": 2, "percent_covered": 0.0, "percent_covered_display": "0", "missing_lines": 2, "excluded_lines": 0}, "missing_lines": [37, 38], "excluded_lines": []}, "Separator": {"executed_lines": [], "summary": {"covered_lines": 0, "num_statements": 0, "percent_covered": 100.0, "percent_covered_display": "100", "missing_lines": 0, "excluded_lines": 0}, "missing_lines": [], "excluded_lines": []}, "Column": {"executed_lines": [], "summary": {"covered_lines": 0, "num_statements": 0, "percent_covered": 100.0, "percent_covered_display": "100", "missing_lines": 0, "excluded_lines": 0}, "missing_lines": [], "excluded_lines": []}, "TableRow": {"executed_lines": [], "summary": {"covered_lines": 0, "num_statements": 0, "percent_covered": 100.0, "percent_covered_display": "100", "missing_lines": 0, "excluded_lines": 0}, "missing_lines": [], "excluded_lines": []}, "TreeNode": {"executed_lines": [], "summary": {"covered_lines": 0, "num_statements": 17, "percent_covered": 0.0, "percent_covered_display": "0", "missing_lines": 17, "excluded_lines": 0}, "missing_lines": [86, 87, 91, 92, 96, 101, 103, 104, 105, 106, 107, 108, 109, 110, 112, 113, 115], "excluded_lines": []}, "ProgressStep": {"executed_lines": [], "summary": {"covered_lines": 0, "num_statements": 3, "percent_covered": 0.0, "percent_covered_display": "0", "missing_lines": 3, "excluded_lines": 0}, "missing_lines": [131, 132, 133], "excluded_lines": []}, "ValidationResult": {"executed_lines": [], "summary": {"covered_lines": 0, "num_statements": 0, "percent_covered": 100.0, "percent_covered_display": "100", "missing_lines": 0, "excluded_lines": 0}, "missing_lines": [], "excluded_lines": []}, "FormField": {"executed_lines": [], "summary": {"covered_lines": 0, "num_statements": 0, "percent_covered": 100.0, "percent_covered_display": "100", "missing_lines": 0, "excluded_lines": 0}, "missing_lines": [], "excluded_lines": []}, "Tag": {"executed_lines": [], "summary": {"covered_lines": 0, "num_statements": 0, "percent_covered": 100.0, "percent_covered_display": "100", "missing_lines": 0, "excluded_lines": 0}, "missing_lines": [], "excluded_lines": []}, "ColorInfo": {"executed_lines": [], "summary": {"covered_lines": 0, "num_statements": 21, "percent_covered": 0.0, "percent_covered_display": "0", "missing_lines": 21, "excluded_lines": 0}, "missing_lines": [188, 191, 192, 195, 196, 197, 198, 201, 204, 205, 207, 208, 209, 212, 219, 220, 221, 222, 224, 226, 228], "excluded_lines": []}, "": {"executed_lines": [1, 7, 8, 9, 12, 13, 15, 16, 17, 18, 19, 20, 21, 24, 25, 26, 28, 29, 30, 31, 32, 33, 34, 36, 41, 42, 43, 45, 46, 49, 50, 51, 53, 54, 55, 56, 57, 58, 59, 60, 61, 62, 65, 66, 67, 69, 70, 71, 74, 75, 76, 78, 79, 80, 81, 82, 83, 85, 89, 94, 98, 99, 118, 119, 120, 122, 123, 124, 125, 126, 127, 129, 141, 142, 143, 145, 146, 147, 150, 151, 152, 154, 155, 156, 157, 158, 159, 160, 161, 162, 165, 166, 167, 169, 170, 171, 172, 175, 176, 177, 179, 180, 181, 182, 184, 185], "summary": {"covered_lines": 94, "num_statements": 94, "percent_covered": 100.0, "percent_covered_display": "100", "missing_lines": 0, "excluded_lines": 0}, "missing_lines": [], "excluded_lines": []}}}, "src/questionary_extended/core/__init__.py": {"executed_lines": [1, 13, 14, 15, 25, 26, 28], "summary": {"covered_lines": 6, "num_statements": 6, "percent_covered": 100.0, "percent_covered_display": "100", "missing_lines": 0, "excluded_lines": 0}, "missing_lines": [], "excluded_lines": [], "functions": {"": {"executed_lines": [1, 13, 14, 15, 25, 26, 28], "summary": {"covered_lines": 6, "num_statements": 6, "percent_covered": 100.0, "percent_covered_display": "100", "missing_lines": 0, "excluded_lines": 0}, "missing_lines": [], "excluded_lines": []}}, "classes": {"": {"executed_lines": [1, 13, 14, 15, 25, 26, 28], "summary": {"covered_lines": 6, "num_statements": 6, "percent_covered": 100.0, "percent_covered_display": "100", "missing_lines": 0, "excluded_lines": 0}, "missing_lines": [], "excluded_lines": []}}}, "src/questionary_extended/core/assembly.py": {"executed_lines": [1, 8, 10, 14, 15, 25, 41, 71, 95, 110, 124, 139, 143, 147, 151, 155, 160], "summary": {"covered_lines": 14, "num_statements": 45, "percent_covered": 31.11111111111111, "percent_covered_display": "31", "missing_lines": 31, "excluded_lines": 2}, "missing_lines": [33, 34, 35, 37, 56, 58, 62, 63, 64, 67, 68, 69, 83, 85, 88, 89, 90, 91, 92, 93, 107, 108, 121, 122, 136, 137, 141, 145, 149, 153, 157], "excluded_lines": [10, 11], "functions": {"Assembly.__init__": {"executed_lines": [], "summary": {"covered_lines": 0, "num_statements": 4, "percent_covered": 0.0, "percent_covered_display": "0", "missing_lines": 4, "excluded_lines": 0}, "missing_lines": [33, 34, 35, 37], "excluded_lines": []}, "Assembly.text": {"executed_lines": [], "summary": {"covered_lines": 0, "num_statements": 8, "percent_covered": 0.0, "percent_covered_display": "0", "missing_lines": 8, "excluded_lines": 0}, "missing_lines": [56, 58, 62, 63, 64, 67, 68, 69], "excluded_lines": []}, "Assembly.select": {"executed_lines": [], "summary": {"covered_lines": 0, "num_statements": 8, "percent_covered": 0.0, "percent_covered_display": "0", "missing_lines": 8, "excluded_lines": 0}, "missing_lines": [83, 85, 88, 89, 90, 91, 92, 93], "excluded_lines": []}, "Assembly.on_change": {"executed_lines": [], "summary": {"covered_lines": 0, "num_statements": 2, "percent_covered": 0.0, "percent_covered_display": "0", "missing_lines": 2, "excluded_lines": 0}, "missing_lines": [107, 108], "excluded_lines": []}, "Assembly.on_validate": {"executed_lines": [], "summary": {"covered_lines": 0, "num_statements": 2, "percent_covered": 0.0, "percent_covered_display": "0", "missing_lines": 2, "excluded_lines": 0}, "missing_lines": [121, 122], "excluded_lines": []}, "Assembly.on_complete": {"executed_lines": [], "summary": {"covered_lines": 0, "num_statements": 2, "percent_covered": 0.0, "percent_covered_display": "0", "missing_lines": 2, "excluded_lines": 0}, "missing_lines": [136, 137], "excluded_lines": []}, "Assembly.show_components": {"executed_lines": [], "summary": {"covered_lines": 0, "num_statements": 1, "percent_covered": 0.0, "percent_covered_display": "0", "missing_lines": 1, "excluded_lines": 0}, "missing_lines": [141], "excluded_lines": []}, "Assembly.hide_components": {"executed_lines": [], "summary": {"covered_lines": 0, "num_statements": 1, "percent_covered": 0.0, "percent_covered_display": "0", "missing_lines": 1, "excluded_lines": 0}, "missing_lines": [145], "excluded_lines": []}, "Assembly.get_value": {"executed_lines": [], "summary": {"covered_lines": 0, "num_statements": 1, "percent_covered": 0.0, "percent_covered_display": "0", "missing_lines": 1, "excluded_lines": 0}, "missing_lines": [149], "excluded_lines": []}, "Assembly.get_related_value": {"executed_lines": [], "summary": {"covered_lines": 0, "num_statements": 1, "percent_covered": 0.0, "percent_covered_display": "0", "missing_lines": 1, "excluded_lines": 0}, "missing_lines": [153], "excluded_lines": []}, "Assembly.parent": {"executed_lines": [], "summary": {"covered_lines": 0, "num_statements": 1, "percent_covered": 0.0, "percent_covered_display": "0", "missing_lines": 1, "excluded_lines": 0}, "missing_lines": [157], "excluded_lines": []}, "": {"executed_lines": [1, 8, 10, 14, 15, 25, 41, 71, 95, 110, 124, 139, 143, 147, 151, 155, 160], "summary": {"covered_lines": 14, "num_statements": 14, "percent_covered": 100.0, "percent_covered_display": "100", "missing_lines": 0, "excluded_lines": 2}, "missing_lines": [], "excluded_lines": [10, 11]}}, "classes": {"Assembly": {"executed_lines": [], "summary": {"covered_lines": 0, "num_statements": 31, "percent_covered": 0.0, "percent_covered_display": "0", "missing_lines": 31, "excluded_lines": 0}, "missing_lines": [33, 34, 35, 37, 56, 58, 62, 63, 64, 67, 68, 69, 83, 85, 88, 89, 90, 91, 92, 93, 107, 108, 121, 122, 136, 137, 141, 145, 149, 153, 157], "excluded_lines": []}, "": {"executed_lines": [1, 8, 10, 14, 15, 25, 41, 71, 95, 110, 124, 139, 143, 147, 151, 155, 160], "summary": {"covered_lines": 14, "num_statements": 14, "percent_covered": 100.0, "percent_covered_display": "100", "missing_lines": 0, "excluded_lines": 2}, "missing_lines": [], "excluded_lines": [10, 11]}}}, "src/questionary_extended/core/card.py": {"executed_lines": [1, 8, 10, 14, 15, 25, 40, 66, 87, 91, 95, 100], "summary": {"covered_lines": 9, "num_statements": 29, "percent_covered": 31.03448275862069, "percent_covered_display": "31", "missing_lines": 20, "excluded_lines": 2}, "missing_lines": [34, 35, 36, 37, 38, 57, 58, 60, 62, 63, 64, 78, 79, 81, 83, 84, 85, 89, 93, 97], "excluded_lines": [10, 11], "functions": {"Card.__init__": {"executed_lines": [], "summary": {"covered_lines": 0, "num_statements": 5, "percent_covered": 0.0, "percent_covered_display": "0", "missing_lines": 5, "excluded_lines": 0}, "missing_lines": [34, 35, 36, 37, 38], "excluded_lines": []}, "Card.text": {"executed_lines": [], "summary": {"covered_lines": 0, "num_statements": 6, "percent_covered": 0.0, "percent_covered_display": "0", "missing_lines": 6, "excluded_lines": 0}, "missing_lines": [57, 58, 60, 62, 63, 64], "excluded_lines": []}, "Card.select": {"executed_lines": [], "summary": {"covered_lines": 0, "num_statements": 6, "percent_covered": 0.0, "percent_covered_display": "0", "missing_lines": 6, "excluded_lines": 0}, "missing_lines": [78, 79, 81, 83, 84, 85], "excluded_lines": []}, "Card.show": {"executed_lines": [], "summary": {"covered_lines": 0, "num_statements": 1, "percent_covered": 0.0, "percent_covered_display": "0", "missing_lines": 1, "excluded_lines": 0}, "missing_lines": [89], "excluded_lines": []}, "Card.hide": {"executed_lines": [], "summary": {"covered_lines": 0, "num_statements": 1, "percent_covered": 0.0, "percent_covered_display": "0", "missing_lines": 1, "excluded_lines": 0}, "missing_lines": [93], "excluded_lines": []}, "Card.parent": {"executed_lines": [], "summary": {"covered_lines": 0, "num_statements": 1, "percent_covered": 0.0, "percent_covered_display": "0", "missing_lines": 1, "excluded_lines": 0}, "missing_lines": [97], "excluded_lines": []}, "": {"executed_lines": [1, 8, 10, 14, 15, 25, 40, 66, 87, 91, 95, 100], "summary": {"covered_lines": 9, "num_statements": 9, "percent_covered": 100.0, "percent_covered_display": "100", "missing_lines": 0, "excluded_lines": 2}, "missing_lines": [], "excluded_lines": [10, 11]}}, "classes": {"Card": {"executed_lines": [], "summary": {"covered_lines": 0, "num_statements": 20, "percent_covered": 0.0, "percent_covered_display": "0", "missing_lines": 20, "excluded_lines": 0}, "missing_lines": [34, 35, 36, 37, 38, 57, 58, 60, 62, 63, 64, 78, 79, 81, 83, 84, 85, 89, 93, 97], "excluded_lines": []}, "": {"executed_lines": [1, 8, 10, 14, 15, 25, 40, 66, 87, 91, 95, 100], "summary": {"covered_lines": 9, "num_statements": 9, "percent_covered": 100.0, "percent_covered_display": "100", "missing_lines": 0, "excluded_lines": 2}, "missing_lines": [], "excluded_lines": [10, 11]}}}, "src/questionary_extended/core/component.py": {"executed_lines": [1, 8, 9, 10, 11, 16, 17, 39, 40, 49, 58, 59, 60, 61, 62, 65, 69, 73, 76, 79, 80, 87, 89, 95, 96, 97, 98, 104, 105, 114, 115, 123, 137, 138, 140, 142, 143, 144, 149, 150, 152, 153, 154, 157, 162, 166, 167, 168, 169, 174, 175, 178, 179, 184, 185, 188, 189, 193, 194, 196, 198, 199, 200, 204, 212, 213, 219, 222, 223, 242, 244, 246, 249, 263, 270, 277, 291, 305, 312], "summary": {"covered_lines": 77, "num_statements": 157, "percent_covered": 49.044585987261144, "percent_covered_display": "49", "missing_lines": 80, "excluded_lines": 0}, "missing_lines": [18, 21, 22, 24, 36, 71, 77, 85, 99, 100, 106, 107, 108, 109, 110, 116, 117, 118, 119, 120, 124, 125, 126, 127, 139, 145, 146, 155, 156, 158, 159, 170, 171, 176, 177, 180, 181, 186, 187, 190, 191, 195, 197, 201, 202, 203, 214, 215, 216, 217, 220, 224, 231, 235, 238, 245, 256, 257, 258, 259, 260, 265, 266, 267, 272, 273, 274, 284, 285, 286, 287, 288, 298, 299, 300, 301, 302, 307, 308, 309], "excluded_lines": [], "functions": {"Component.__init__": {"executed_lines": [58, 59, 60, 61, 62, 65], "summary": {"covered_lines": 6, "num_statements": 6, "percent_covered": 100.0, "percent_covered_display": "100", "missing_lines": 0, "excluded_lines": 0}, "missing_lines": [], "excluded_lines": []}, "Component.add_validator": {"executed_lines": [], "summary": {"covered_lines": 0, "num_statements": 1, "percent_covered": 0.0, "percent_covered_display": "0", "missing_lines": 1, "excluded_lines": 0}, "missing_lines": [71], "excluded_lines": []}, "Component.is_visible": {"executed_lines": [76, 79, 80], "summary": {"covered_lines": 3, "num_statements": 5, "percent_covered": 60.0, "percent_covered_display": "60", "missing_lines": 2, "excluded_lines": 0}, "missing_lines": [77, 85], "excluded_lines": []}, "Component.create_questionary_component": {"executed_lines": [89, 95, 96, 97, 98, 104, 105, 114, 115, 123, 137, 138, 140, 142, 143, 144, 149, 150, 152, 153, 154, 157, 162, 166, 167, 168, 169, 174, 175, 178, 179, 184, 185, 188, 189, 193, 212, 213, 219, 222, 223], "summary": {"covered_lines": 41, "num_statements": 83, "percent_covered": 49.397590361445786, "percent_covered_display": "49", "missing_lines": 42, "excluded_lines": 0}, "missing_lines": [99, 100, 106, 107, 108, 109, 110, 116, 117, 118, 119, 120, 124, 125, 126, 127, 139, 145, 146, 155, 156, 158, 159, 170, 171, 176, 177, 180, 181, 186, 187, 190, 191, 214, 215, 216, 217, 220, 224, 231, 235, 238], "excluded_lines": []}, "Component.create_questionary_component._is_valid_factory": {"executed_lines": [194, 196, 198, 199, 200, 204], "summary": {"covered_lines": 6, "num_statements": 11, "percent_covered": 54.54545454545455, "percent_covered_display": "55", "missing_lines": 5, "excluded_lines": 0}, "missing_lines": [195, 197, 201, 202, 203], "excluded_lines": []}, "text": {"executed_lines": [244, 246], "summary": {"covered_lines": 2, "num_statements": 3, "percent_covered": 66.66666666666667, "percent_covered_display": "67", "missing_lines": 1, "excluded_lines": 0}, "missing_lines": [245], "excluded_lines": []}, "select": {"executed_lines": [], "summary": {"covered_lines": 0, "num_statements": 5, "percent_covered": 0.0, "percent_covered_display": "0", "missing_lines": 5, "excluded_lines": 0}, "missing_lines": [256, 257, 258, 259, 260], "excluded_lines": []}, "confirm": {"executed_lines": [], "summary": {"covered_lines": 0, "num_statements": 3, "percent_covered": 0.0, "percent_covered_display": "0", "missing_lines": 3, "excluded_lines": 0}, "missing_lines": [265, 266, 267], "excluded_lines": []}, "password": {"executed_lines": [], "summary": {"covered_lines": 0, "num_statements": 3, "percent_covered": 0.0, "percent_covered_display": "0", "missing_lines": 3, "excluded_lines": 0}, "missing_lines": [272, 273, 274], "excluded_lines": []}, "checkbox": {"executed_lines": [], "summary": {"covered_lines": 0, "num_statements": 5, "percent_covered": 0.0, "percent_covered_display": "0", "missing_lines": 5, "excluded_lines": 0}, "missing_lines": [284, 285, 286, 287, 288], "excluded_lines": []}, "autocomplete": {"executed_lines": [], "summary": {"covered_lines": 0, "num_statements": 5, "percent_covered": 0.0, "percent_covered_display": "0", "missing_lines": 5, "excluded_lines": 0}, "missing_lines": [298, 299, 300, 301, 302], "excluded_lines": []}, "path": {"executed_lines": [], "summary": {"covered_lines": 0, "num_statements": 3, "percent_covered": 0.0, "percent_covered_display": "0", "missing_lines": 3, "excluded_lines": 0}, "missing_lines": [307, 308, 309], "excluded_lines": []}, "": {"executed_lines": [1, 8, 9, 10, 11, 16, 17, 39, 40, 49, 69, 73, 87, 242, 249, 263, 270, 277, 291, 305, 312], "summary": {"covered_lines": 19, "num_statements": 24, "percent_covered": 79.16666666666667, "percent_covered_display": "79", "missing_lines": 5, "excluded_lines": 0}, "missing_lines": [18, 21, 22, 24, 36], "excluded_lines": []}}, "classes": {"Component": {"executed_lines": [58, 59, 60, 61, 62, 65, 76, 79, 80, 89, 95, 96, 97, 98, 104, 105, 114, 115, 123, 137, 138, 140, 142, 143, 144, 149, 150, 152, 153, 154, 157, 162, 166, 167, 168, 169, 174, 175, 178, 179, 184, 185, 188, 189, 193, 194, 196, 198, 199, 200, 204, 212, 213, 219, 222, 223], "summary": {"covered_lines": 56, "num_statements": 106, "percent_covered": 52.83018867924528, "percent_covered_display": "53", "missing_lines": 50, "excluded_lines": 0}, "missing_lines": [71, 77, 85, 99, 100, 106, 107, 108, 109, 110, 116, 117, 118, 119, 120, 124, 125, 126, 127, 139, 145, 146, 155, 156, 158, 159, 170, 171, 176, 177, 180, 181, 186, 187, 190, 191, 195, 197, 201, 202, 203, 214, 215, 216, 217, 220, 224, 231, 235, 238], "excluded_lines": []}, "": {"executed_lines": [1, 8, 9, 10, 11, 16, 17, 39, 40, 49, 69, 73, 87, 242, 244, 246, 249, 263, 270, 277, 291, 305, 312], "summary": {"covered_lines": 21, "num_statements": 51, "percent_covered": 41.1764705882353, "percent_covered_display": "41", "missing_lines": 30, "excluded_lines": 0}, "missing_lines": [18, 21, 22, 24, 36, 245, 256, 257, 258, 259, 260, 265, 266, 267, 272, 273, 274, 284, 285, 286, 287, 288, 298, 299, 300, 301, 302, 307, 308, 309], "excluded_lines": []}}}, "src/questionary_extended/core/page.py": {"executed_lines": [1, 8, 10, 12, 17, 18, 28, 38, 54, 69, 83], "summary": {"covered_lines": 8, "num_statements": 20, "percent_covered": 40.0, "percent_covered_display": "40", "missing_lines": 12, "excluded_lines": 3}, "missing_lines": [34, 35, 36, 48, 50, 51, 52, 63, 65, 66, 67, 80], "excluded_lines": [12, 13, 14], "functions": {"Page.__init__": {"executed_lines": [], "summary": {"covered_lines": 0, "num_statements": 3, "percent_covered": 0.0, "percent_covered_display": "0", "missing_lines": 3, "excluded_lines": 0}, "missing_lines": [34, 35, 36], "excluded_lines": []}, "Page.card": {"executed_lines": [], "summary": {"covered_lines": 0, "num_statements": 4, "percent_covered": 0.0, "percent_covered_display": "0", "missing_lines": 4, "excluded_lines": 0}, "missing_lines": [48, 50, 51, 52], "excluded_lines": []}, "Page.assembly": {"executed_lines": [], "summary": {"covered_lines": 0, "num_statements": 4, "percent_covered": 0.0, "percent_covered_display": "0", "missing_lines": 4, "excluded_lines": 0}, "missing_lines": [63, 65, 66, 67], "excluded_lines": []}, "Page.run": {"executed_lines": [], "summary": {"covered_lines": 0, "num_statements": 1, "percent_covered": 0.0, "percent_covered_display": "0", "missing_lines": 1, "excluded_lines": 0}, "missing_lines": [80], "excluded_lines": []}, "": {"executed_lines": [1, 8, 10, 12, 17, 18, 28, 38, 54, 69, 83], "summary": {"covered_lines": 8, "num_statements": 8, "percent_covered": 100.0, "percent_covered_display": "100", "missing_lines": 0, "excluded_lines": 3}, "missing_lines": [], "excluded_lines": [12, 13, 14]}}, "classes": {"Page": {"executed_lines": [], "summary": {"covered_lines": 0, "num_statements": 12, "percent_covered": 0.0, "percent_covered_display": "0", "missing_lines": 12, "excluded_lines": 0}, "missing_lines": [34, 35, 36, 48, 50, 51, 52, 63, 65, 66, 67, 80], "excluded_lines": []}, "": {"executed_lines": [1, 8, 10, 12, 17, 18, 28, 38, 54, 69, 83], "summary": {"covered_lines": 8, "num_statements": 8, "percent_covered": 100.0, "percent_covered_display": "100", "missing_lines": 0, "excluded_lines": 3}, "missing_lines": [], "excluded_lines": [12, 13, 14]}}}, "src/questionary_extended/core/state.py": {"executed_lines": [1, 8, 11, 12, 22, 24, 25, 27, 44, 64, 75, 81, 84, 88, 90, 105, 114, 120], "summary": {"covered_lines": 16, "num_statements": 39, "percent_covered": 41.02564102564103, "percent_covered_display": "41", "missing_lines": 23, "excluded_lines": 0}, "missing_lines": [34, 36, 37, 38, 39, 42, 54, 56, 57, 58, 59, 62, 73, 85, 86, 99, 100, 101, 103, 111, 112, 116, 117], "excluded_lines": [], "functions": {"PageState.__init__": {"executed_lines": [24, 25], "summary": {"covered_lines": 2, "num_statements": 2, "percent_covered": 100.0, "percent_covered_display": "100", "missing_lines": 0, "excluded_lines": 0}, "missing_lines": [], "excluded_lines": []}, "PageState.set": {"executed_lines": [], "summary": {"covered_lines": 0, "num_statements": 6, "percent_covered": 0.0, "percent_covered_display": "0", "missing_lines": 6, "excluded_lines": 0}, "missing_lines": [34, 36, 37, 38, 39, 42], "excluded_lines": []}, "PageState.get": {"executed_lines": [], "summary": {"covered_lines": 0, "num_statements": 6, "percent_covered": 0.0, "percent_covered_display": "0", "missing_lines": 6, "excluded_lines": 0}, "missing_lines": [54, 56, 57, 58, 59, 62], "excluded_lines": []}, "PageState.get_assembly_state": {"executed_lines": [], "summary": {"covered_lines": 0, "num_statements": 1, "percent_covered": 0.0, "percent_covered_display": "0", "missing_lines": 1, "excluded_lines": 0}, "missing_lines": [73], "excluded_lines": []}, "PageState.get_all_state": {"executed_lines": [81, 84, 88], "summary": {"covered_lines": 3, "num_statements": 5, "percent_covered": 60.0, "percent_covered_display": "60", "missing_lines": 2, "excluded_lines": 0}, "missing_lines": [85, 86], "excluded_lines": []}, "PageState.has_key": {"executed_lines": [], "summary": {"covered_lines": 0, "num_statements": 4, "percent_covered": 0.0, "percent_covered_display": "0", "missing_lines": 4, "excluded_lines": 0}, "missing_lines": [99, 100, 101, 103], "excluded_lines": []}, "PageState.clear_assembly": {"executed_lines": [], "summary": {"covered_lines": 0, "num_statements": 2, "percent_covered": 0.0, "percent_covered_display": "0", "missing_lines": 2, "excluded_lines": 0}, "missing_lines": [111, 112], "excluded_lines": []}, "PageState.clear_all": {"executed_lines": [], "summary": {"covered_lines": 0, "num_statements": 2, "percent_covered": 0.0, "percent_covered_display": "0", "missing_lines": 2, "excluded_lines": 0}, "missing_lines": [116, 117], "excluded_lines": []}, "": {"executed_lines": [1, 8, 11, 12, 22, 27, 44, 64, 75, 90, 105, 114, 120], "summary": {"covered_lines": 11, "num_statements": 11, "percent_covered": 100.0, "percent_covered_display": "100", "missing_lines": 0, "excluded_lines": 0}, "missing_lines": [], "excluded_lines": []}}, "classes": {"PageState": {"executed_lines": [24, 25, 81, 84, 88], "summary": {"covered_lines": 5, "num_statements": 28, "percent_covered": 17.857142857142858, "percent_covered_display": "18", "missing_lines": 23, "excluded_lines": 0}, "missing_lines": [34, 36, 37, 38, 39, 42, 54, 56, 57, 58, 59, 62, 73, 85, 86, 99, 100, 101, 103, 111, 112, 116, 117], "excluded_lines": []}, "": {"executed_lines": [1, 8, 11, 12, 22, 27, 44, 64, 75, 90, 105, 114, 120], "summary": {"covered_lines": 11, "num_statements": 11, "percent_covered": 100.0, "percent_covered_display": "100", "missing_lines": 0, "excluded_lines": 0}, "missing_lines": [], "excluded_lines": []}}}, "src/questionary_extended/page.py": {"executed_lines": [1, 3, 4, 7, 8, 15], "summary": {"covered_lines": 5, "num_statements": 11, "percent_covered": 45.45454545454545, "percent_covered_display": "45", "missing_lines": 6, "excluded_lines": 0}, "missing_lines": [16, 17, 19, 20, 21, 24], "excluded_lines": [], "functions": {"Page.run": {"executed_lines": [], "summary": {"covered_lines": 0, "num_statements": 6, "percent_covered": 0.0, "percent_covered_display": "0", "missing_lines": 6, "excluded_lines": 0}, "missing_lines": [16, 17, 19, 20, 21, 24], "excluded_lines": []}, "": {"executed_lines": [1, 3, 4, 7, 8, 15], "summary": {"covered_lines": 5, "num_statements": 5, "percent_covered": 100.0, "percent_covered_display": "100", "missing_lines": 0, "excluded_lines": 0}, "missing_lines": [], "excluded_lines": []}}, "classes": {"Page": {"executed_lines": [], "summary": {"covered_lines": 0, "num_statements": 6, "percent_covered": 0.0, "percent_covered_display": "0", "missing_lines": 6, "excluded_lines": 0}, "missing_lines": [16, 17, 19, 20, 21, 24], "excluded_lines": []}, "": {"executed_lines": [1, 3, 4, 7, 8, 15], "summary": {"covered_lines": 5, "num_statements": 5, "percent_covered": 100.0, "percent_covered_display": "100", "missing_lines": 0, "excluded_lines": 0}, "missing_lines": [], "excluded_lines": []}}}, "src/questionary_extended/utils.py": {"executed_lines": [], "summary": {"covered_lines": 0, "num_statements": 169, "percent_covered": 0.0, "percent_covered_display": "0", "missing_lines": 169, "excluded_lines": 0}, "missing_lines": [5, 6, 7, 9, 12, 14, 17, 19, 22, 30, 31, 32, 33, 35, 37, 38, 39, 40, 42, 43, 45, 48, 51, 53, 54, 56, 59, 61, 64, 65, 68, 72, 74, 75, 76, 77, 80, 97, 98, 99, 103, 104, 105, 106, 107, 110, 111, 112, 113, 114, 115, 119, 120, 121, 122, 123, 126, 127, 128, 129, 133, 134, 135, 136, 137, 138, 139, 142, 145, 151, 154, 157, 160, 161, 163, 166, 168, 169, 171, 174, 176, 177, 178, 179, 181, 182, 183, 184, 185, 186, 189, 190, 191, 193, 194, 196, 197, 199, 202, 204, 207, 215, 216, 218, 220, 221, 223, 224, 227, 231, 232, 234, 235, 238, 239, 241, 244, 252, 254, 255, 256, 258, 260, 262, 263, 264, 266, 268, 270, 273, 275, 277, 280, 281, 285, 288, 295, 296, 298, 299, 302, 304, 305, 306, 307, 308, 309, 310, 311, 313, 314, 317, 319, 322, 324, 329, 332, 334, 335, 338, 345, 346, 348, 349, 350, 352, 354, 355, 357], "excluded_lines": [], "functions": {"format_date": {"executed_lines": [], "summary": {"covered_lines": 0, "num_statements": 1, "percent_covered": 0.0, "percent_covered_display": "0", "missing_lines": 1, "excluded_lines": 0}, "missing_lines": [14], "excluded_lines": []}, "parse_date": {"executed_lines": [], "summary": {"covered_lines": 0, "num_statements": 1, "percent_covered": 0.0, "percent_covered_display": "0", "missing_lines": 1, "excluded_lines": 0}, "missing_lines": [19], "excluded_lines": []}, "format_number": {"executed_lines": [], "summary": {"covered_lines": 0, "num_statements": 12, "percent_covered": 0.0, "percent_covered_display": "0", "missing_lines": 12, "excluded_lines": 0}, "missing_lines": [30, 31, 32, 33, 35, 37, 38, 39, 40, 42, 43, 45], "excluded_lines": []}, "parse_number": {"executed_lines": [], "summary": {"covered_lines": 0, "num_statements": 4, "percent_covered": 0.0, "percent_covered_display": "0", "missing_lines": 4, "excluded_lines": 0}, "missing_lines": [51, 53, 54, 56], "excluded_lines": []}, "parse_color": {"executed_lines": [], "summary": {"covered_lines": 0, "num_statements": 41, "percent_covered": 0.0, "percent_covered_display": "0", "missing_lines": 41, "excluded_lines": 0}, "missing_lines": [61, 64, 65, 68, 72, 74, 75, 76, 77, 80, 97, 98, 99, 103, 104, 105, 106, 107, 110, 111, 112, 113, 114, 115, 119, 120, 121, 122, 123, 126, 127, 128, 129, 133, 134, 135, 136, 137, 138, 139, 142], "excluded_lines": []}, "render_markdown": {"executed_lines": [], "summary": {"covered_lines": 0, "num_statements": 6, "percent_covered": 0.0, "percent_covered_display": "0", "missing_lines": 6, "excluded_lines": 0}, "missing_lines": [151, 154, 157, 160, 161, 163], "excluded_lines": []}, "truncate_text": {"executed_lines": [], "summary": {"covered_lines": 0, "num_statements": 3, "percent_covered": 0.0, "percent_covered_display": "0", "missing_lines": 3, "excluded_lines": 0}, "missing_lines": [168, 169, 171], "excluded_lines": []}, "wrap_text": {"executed_lines": [], "summary": {"covered_lines": 0, "num_statements": 18, "percent_covered": 0.0, "percent_covered_display": "0", "missing_lines": 18, "excluded_lines": 0}, "missing_lines": [176, 177, 178, 179, 181, 182, 183, 184, 185, 186, 189, 190, 191, 193, 194, 196, 197, 199], "excluded_lines": []}, "center_text": {"executed_lines": [], "summary": {"covered_lines": 0, "num_statements": 1, "percent_covered": 0.0, "percent_covered_display": "0", "missing_lines": 1, "excluded_lines": 0}, "missing_lines": [204], "excluded_lines": []}, "create_progress_bar": {"executed_lines": [], "summary": {"covered_lines": 0, "num_statements": 7, "percent_covered": 0.0, "percent_covered_display": "0", "missing_lines": 7, "excluded_lines": 0}, "missing_lines": [215, 216, 218, 220, 221, 223, 224], "excluded_lines": []}, "create_table_row": {"executed_lines": [], "summary": {"covered_lines": 0, "num_statements": 7, "percent_covered": 0.0, "percent_covered_display": "0", "missing_lines": 7, "excluded_lines": 0}, "missing_lines": [231, 232, 234, 235, 238, 239, 241], "excluded_lines": []}, "create_tree_line": {"executed_lines": [], "summary": {"covered_lines": 0, "num_statements": 12, "percent_covered": 0.0, "percent_covered_display": "0", "missing_lines": 12, "excluded_lines": 0}, "missing_lines": [252, 254, 255, 256, 258, 260, 262, 263, 264, 266, 268, 270], "excluded_lines": []}, "sanitize_input": {"executed_lines": [], "summary": {"covered_lines": 0, "num_statements": 5, "percent_covered": 0.0, "percent_covered_display": "0", "missing_lines": 5, "excluded_lines": 0}, "missing_lines": [275, 277, 280, 281, 285], "excluded_lines": []}, "fuzzy_match": {"executed_lines": [], "summary": {"covered_lines": 0, "num_statements": 17, "percent_covered": 0.0, "percent_covered_display": "0", "missing_lines": 17, "excluded_lines": 0}, "missing_lines": [295, 296, 298, 299, 302, 304, 305, 306, 307, 308, 309, 310, 311, 313, 314, 317, 319], "excluded_lines": []}, "validate_email": {"executed_lines": [], "summary": {"covered_lines": 0, "num_statements": 2, "percent_covered": 0.0, "percent_covered_display": "0", "missing_lines": 2, "excluded_lines": 0}, "missing_lines": [324, 329], "excluded_lines": []}, "validate_url": {"executed_lines": [], "summary": {"covered_lines": 0, "num_statements": 2, "percent_covered": 0.0, "percent_covered_display": "0", "missing_lines": 2, "excluded_lines": 0}, "missing_lines": [334, 335], "excluded_lines": []}, "generate_choices_from_range": {"executed_lines": [], "summary": {"covered_lines": 0, "num_statements": 9, "percent_covered": 0.0, "percent_covered_display": "0", "missing_lines": 9, "excluded_lines": 0}, "missing_lines": [345, 346, 348, 349, 350, 352, 354, 355, 357], "excluded_lines": []}, "": {"executed_lines": [], "summary": {"covered_lines": 0, "num_statements": 21, "percent_covered": 0.0, "percent_covered_display": "0", "missing_lines": 21, "excluded_lines": 0}, "missing_lines": [5, 6, 7, 9, 12, 17, 22, 48, 59, 145, 166, 174, 202, 207, 227, 244, 273, 288, 322, 332, 338], "excluded_lines": []}}, "classes": {"": {"executed_lines": [], "summary": {"covered_lines": 0, "num_statements": 169, "percent_covered": 0.0, "percent_covered_display": "0", "missing_lines": 169, "excluded_lines": 0}, "missing_lines": [5, 6, 7, 9, 12, 14, 17, 19, 22, 30, 31, 32, 33, 35, 37, 38, 39, 40, 42, 43, 45, 48, 51, 53, 54, 56, 59, 61, 64, 65, 68, 72, 74, 75, 76, 77, 80, 97, 98, 99, 103, 104, 105, 106, 107, 110, 111, 112, 113, 114, 115, 119, 120, 121, 122, 123, 126, 127, 128, 129, 133, 134, 135, 136, 137, 138, 139, 142, 145, 151, 154, 157, 160, 161, 163, 166, 168, 169, 171, 174, 176, 177, 178, 179, 181, 182, 183, 184, 185, 186, 189, 190, 191, 193, 194, 196, 197, 199, 202, 204, 207, 215, 216, 218, 220, 221, 223, 224, 227, 231, 232, 234, 235, 238, 239, 241, 244, 252, 254, 255, 256, 258, 260, 262, 263, 264, 266, 268, 270, 273, 275, 277, 280, 281, 285, 288, 295, 296, 298, 299, 302, 304, 305, 306, 307, 308, 309, 310, 311, 313, 314, 317, 319, 322, 324, 329, 332, 334, 335, 338, 345, 346, 348, 349, 350, 352, 354, 355, 357], "excluded_lines": []}}}, "src/questionary_extended/utils/__init__.py": {"executed_lines": [1, 10, 11, 12, 13, 14, 15, 16, 19, 21, 22, 26, 28, 31, 42, 43, 47, 48, 50, 51, 56, 58, 59, 61, 66, 68, 69, 71, 74, 76, 78, 79, 80, 81, 83, 84, 85, 86, 87, 88, 89, 90, 91, 92, 93, 96, 97, 98, 99, 102, 103, 106, 108, 110, 111, 112, 113, 114, 115, 116, 119, 120, 121, 122, 123, 126, 127, 128, 129, 130, 131, 132, 133, 136, 139, 141, 143, 145, 146, 149, 150, 151, 152, 153, 156, 157, 160, 164, 171, 183, 187, 196], "summary": {"covered_lines": 91, "num_statements": 114, "percent_covered": 79.82456140350877, "percent_covered_display": "80", "missing_lines": 23, "excluded_lines": 2}, "missing_lines": [23, 44, 45, 62, 63, 64, 77, 161, 165, 166, 167, 168, 174, 175, 176, 177, 178, 179, 180, 184, 188, 189, 190], "excluded_lines": [191, 193], "functions": {"format_date": {"executed_lines": [21, 22], "summary": {"covered_lines": 2, "num_statements": 3, "percent_covered": 66.66666666666667, "percent_covered_display": "67", "missing_lines": 1, "excluded_lines": 0}, "missing_lines": [23], "excluded_lines": []}, "parse_date": {"executed_lines": [28], "summary": {"covered_lines": 1, "num_statements": 1, "percent_covered": 100.0, "percent_covered_display": "100", "missing_lines": 0, "excluded_lines": 0}, "missing_lines": [], "excluded_lines": []}, "format_number": {"executed_lines": [42, 43, 47, 48, 50, 51, 56, 58, 59, 61, 66, 68, 69, 71], "summary": {"covered_lines": 14, "num_statements": 19, "percent_covered": 73.6842105263158, "percent_covered_display": "74", "missing_lines": 5, "excluded_lines": 0}, "missing_lines": [44, 45, 62, 63, 64], "excluded_lines": []}, "parse_number": {"executed_lines": [76, 78, 79, 80, 81, 83, 84, 85, 86, 87, 88, 89, 90, 91, 92, 93], "summary": {"covered_lines": 16, "num_statements": 17, "percent_covered": 94.11764705882354, "percent_covered_display": "94", "missing_lines": 1, "excluded_lines": 0}, "missing_lines": [77], "excluded_lines": []}, "_clamp": {"executed_lines": [103], "summary": {"covered_lines": 1, "num_statements": 1, "percent_covered": 100.0, "percent_covered_display": "100", "missing_lines": 0, "excluded_lines": 0}, "missing_lines": [], "excluded_lines": []}, "parse_color": {"executed_lines": [108, 110, 111, 112, 113, 114, 115, 116, 119, 120, 121, 122, 123, 126, 127, 128, 129, 130, 131, 132, 133, 136], "summary": {"covered_lines": 22, "num_statements": 22, "percent_covered": 100.0, "percent_covered_display": "100", "missing_lines": 0, "excluded_lines": 0}, "missing_lines": [], "excluded_lines": []}, "render_markdown": {"executed_lines": [141, 143, 145, 146], "summary": {"covered_lines": 4, "num_statements": 4, "percent_covered": 100.0, "percent_covered_display": "100", "missing_lines": 0, "excluded_lines": 0}, "missing_lines": [], "excluded_lines": []}, "truncate_text": {"executed_lines": [150, 151, 152, 153], "summary": {"covered_lines": 4, "num_statements": 4, "percent_covered": 100.0, "percent_covered_display": "100", "missing_lines": 0, "excluded_lines": 0}, "missing_lines": [], "excluded_lines": []}, "wrap_text": {"executed_lines": [157], "summary": {"covered_lines": 1, "num_statements": 1, "percent_covered": 100.0, "percent_covered_display": "100", "missing_lines": 0, "excluded_lines": 0}, "missing_lines": [], "excluded_lines": []}, "center_text": {"executed_lines": [], "summary": {"covered_lines": 0, "num_statements": 1, "percent_covered": 0.0, "percent_covered_display": "0", "missing_lines": 1, "excluded_lines": 0}, "missing_lines": [161], "excluded_lines": []}, "create_progress_bar": {"executed_lines": [], "summary": {"covered_lines": 0, "num_statements": 4, "percent_covered": 0.0, "percent_covered_display": "0", "missing_lines": 4, "excluded_lines": 0}, "missing_lines": [165, 166, 167, 168], "excluded_lines": []}, "fuzzy_match": {"executed_lines": [], "summary": {"covered_lines": 0, "num_statements": 7, "percent_covered": 0.0, "percent_covered_display": "0", "missing_lines": 7, "excluded_lines": 0}, "missing_lines": [174, 175, 176, 177, 178, 179, 180], "excluded_lines": []}, "validate_email": {"executed_lines": [], "summary": {"covered_lines": 0, "num_statements": 1, "percent_covered": 0.0, "percent_covered_display": "0", "missing_lines": 1, "excluded_lines": 0}, "missing_lines": [184], "excluded_lines": []}, "validate_url": {"executed_lines": [], "summary": {"covered_lines": 0, "num_statements": 3, "percent_covered": 0.0, "percent_covered_display": "0", "missing_lines": 3, "excluded_lines": 2}, "missing_lines": [188, 189, 190], "excluded_lines": [191, 193]}, "": {"executed_lines": [1, 10, 11, 12, 13, 14, 15, 16, 19, 26, 31, 74, 96, 97, 98, 99, 102, 106, 139, 149, 156, 160, 164, 171, 183, 187, 196], "summary": {"covered_lines": 26, "num_statements": 26, "percent_covered": 100.0, "percent_covered_display": "100", "missing_lines": 0, "excluded_lines": 0}, "missing_lines": [], "excluded_lines": []}}, "classes": {"Color": {"executed_lines": [], "summary": {"covered_lines": 0, "num_statements": 0, "percent_covered": 100.0, "percent_covered_display": "100", "missing_lines": 0, "excluded_lines": 0}, "missing_lines": [], "excluded_lines": []}, "": {"executed_lines": [1, 10, 11, 12, 13, 14, 15, 16, 19, 21, 22, 26, 28, 31, 42, 43, 47, 48, 50, 51, 56, 58, 59, 61, 66, 68, 69, 71, 74, 76, 78, 79, 80, 81, 83, 84, 85, 86, 87, 88, 89, 90, 91, 92, 93, 96, 97, 98, 99, 102, 103, 106, 108, 110, 111, 112, 113, 114, 115, 116, 119, 120, 121, 122, 123, 126, 127, 128, 129, 130, 131, 132, 133, 136, 139, 141, 143, 145, 146, 149, 150, 151, 152, 153, 156, 157, 160, 164, 171, 183, 187, 196], "summary": {"covered_lines": 91, "num_statements": 114, "percent_covered": 79.82456140350877, "percent_covered_display": "80", "missing_lines": 23, "excluded_lines": 2}, "missing_lines": [23, 44, 45, 62, 63, 64, 77, 161, 165, 166, 167, 168, 174, 175, 176, 177, 178, 179, 180, 184, 188, 189, 190], "excluded_lines": [191, 193]}}}, "src/questionary_extended/validators.py": {"executed_lines": [1, 5, 6, 7, 9, 12, 14, 15, 23, 24, 26, 33, 34, 35, 36, 38, 39, 41, 42, 46, 47, 48, 50, 51, 52, 53, 54, 55, 59, 60, 65, 66, 71, 80, 81, 83, 89, 90, 91, 93, 94, 96, 102, 103, 104, 105, 110, 111, 118, 119, 127, 128, 130, 135, 136, 138, 139, 143, 144, 149, 150, 152, 162, 163, 165, 166, 168, 173, 174, 178, 179, 185, 186, 188, 189, 190, 191, 193, 194, 196, 201, 203, 204, 214, 215, 216, 233, 234, 236, 242, 243, 245, 246, 248, 253, 254, 257, 258, 260, 263, 264, 266, 267, 268, 270, 271, 276, 277, 283, 284, 286, 287, 288, 290, 291, 293, 294, 296, 301, 303, 304, 305, 310, 311, 313, 314, 316, 317, 318, 319, 320, 322], "summary": {"covered_lines": 122, "num_statements": 139, "percent_covered": 87.76978417266187, "percent_covered_display": "88", "missing_lines": 17, "excluded_lines": 0}, "missing_lines": [16, 20, 72, 73, 74, 97, 169, 197, 205, 206, 208, 209, 210, 223, 224, 249, 297], "excluded_lines": [], "functions": {"_doc_text": {"executed_lines": [14, 15], "summary": {"covered_lines": 2, "num_statements": 4, "percent_covered": 50.0, "percent_covered_display": "50", "missing_lines": 2, "excluded_lines": 0}, "missing_lines": [16, 20], "excluded_lines": []}, "NumberValidator.__init__": {"executed_lines": [33, 34, 35, 36], "summary": {"covered_lines": 4, "num_statements": 4, "percent_covered": 100.0, "percent_covered_display": "100", "missing_lines": 0, "excluded_lines": 0}, "missing_lines": [], "excluded_lines": []}, "NumberValidator.validate": {"executed_lines": [39, 41, 42, 46, 47, 48, 50, 51, 52, 53, 54, 55, 59, 60, 65, 66, 71], "summary": {"covered_lines": 17, "num_statements": 20, "percent_covered": 85.0, "percent_covered_display": "85", "missing_lines": 3, "excluded_lines": 0}, "missing_lines": [72, 73, 74], "excluded_lines": []}, "DateValidator.__init__": {"executed_lines": [89, 90, 91], "summary": {"covered_lines": 3, "num_statements": 3, "percent_covered": 100.0, "percent_covered_display": "100", "missing_lines": 0, "excluded_lines": 0}, "missing_lines": [], "excluded_lines": []}, "DateValidator.validate": {"executed_lines": [94, 96, 102, 103, 104, 105, 110, 111, 118, 119], "summary": {"covered_lines": 10, "num_statements": 11, "percent_covered": 90.9090909090909, "percent_covered_display": "91", "missing_lines": 1, "excluded_lines": 0}, "missing_lines": [97], "excluded_lines": []}, "EmailValidator.validate": {"executed_lines": [136, 138, 139, 143, 144], "summary": {"covered_lines": 5, "num_statements": 5, "percent_covered": 100.0, "percent_covered_display": "100", "missing_lines": 0, "excluded_lines": 0}, "missing_lines": [], "excluded_lines": []}, "URLValidator.__init__": {"executed_lines": [163], "summary": {"covered_lines": 1, "num_statements": 1, "percent_covered": 100.0, "percent_covered_display": "100", "missing_lines": 0, "excluded_lines": 0}, "missing_lines": [], "excluded_lines": []}, "URLValidator.validate": {"executed_lines": [166, 168, 173, 174, 178, 179], "summary": {"covered_lines": 6, "num_statements": 7, "percent_covered": 85.71428571428571, "percent_covered_display": "86", "missing_lines": 1, "excluded_lines": 0}, "missing_lines": [169], "excluded_lines": []}, "RangeValidator.__init__": {"executed_lines": [189, 190, 191], "summary": {"covered_lines": 3, "num_statements": 3, "percent_covered": 100.0, "percent_covered_display": "100", "missing_lines": 0, "excluded_lines": 0}, "missing_lines": [], "excluded_lines": []}, "RangeValidator.validate": {"executed_lines": [194, 196, 201, 203, 204, 214, 215, 216], "summary": {"covered_lines": 8, "num_statements": 16, "percent_covered": 50.0, "percent_covered_display": "50", "missing_lines": 8, "excluded_lines": 0}, "missing_lines": [197, 205, 206, 208, 209, 210, 223, 224], "excluded_lines": []}, "RegexValidator.__init__": {"executed_lines": [242, 243], "summary": {"covered_lines": 2, "num_statements": 2, "percent_covered": 100.0, "percent_covered_display": "100", "missing_lines": 0, "excluded_lines": 0}, "missing_lines": [], "excluded_lines": []}, "RegexValidator.validate": {"executed_lines": [246, 248, 253, 254], "summary": {"covered_lines": 4, "num_statements": 5, "percent_covered": 80.0, "percent_covered_display": "80", "missing_lines": 1, "excluded_lines": 0}, "missing_lines": [249], "excluded_lines": []}, "LengthValidator.__init__": {"executed_lines": [263, 264], "summary": {"covered_lines": 2, "num_statements": 2, "percent_covered": 100.0, "percent_covered_display": "100", "missing_lines": 0, "excluded_lines": 0}, "missing_lines": [], "excluded_lines": []}, "LengthValidator.validate": {"executed_lines": [267, 268, 270, 271, 276, 277], "summary": {"covered_lines": 6, "num_statements": 6, "percent_covered": 100.0, "percent_covered_display": "100", "missing_lines": 0, "excluded_lines": 0}, "missing_lines": [], "excluded_lines": []}, "ChoiceValidator.__init__": {"executed_lines": [287, 288, 290, 291], "summary": {"covered_lines": 4, "num_statements": 4, "percent_covered": 100.0, "percent_covered_display": "100", "missing_lines": 0, "excluded_lines": 0}, "missing_lines": [], "excluded_lines": []}, "ChoiceValidator.validate": {"executed_lines": [294, 296, 301, 303, 304, 305], "summary": {"covered_lines": 6, "num_statements": 7, "percent_covered": 85.71428571428571, "percent_covered_display": "86", "missing_lines": 1, "excluded_lines": 0}, "missing_lines": [297], "excluded_lines": []}, "CompositeValidator.__init__": {"executed_lines": [314], "summary": {"covered_lines": 1, "num_statements": 1, "percent_covered": 100.0, "percent_covered_display": "100", "missing_lines": 0, "excluded_lines": 0}, "missing_lines": [], "excluded_lines": []}, "CompositeValidator.validate": {"executed_lines": [317, 318, 319, 320, 322], "summary": {"covered_lines": 5, "num_statements": 5, "percent_covered": 100.0, "percent_covered_display": "100", "missing_lines": 0, "excluded_lines": 0}, "missing_lines": [], "excluded_lines": []}, "": {"executed_lines": [1, 5, 6, 7, 9, 12, 23, 24, 26, 38, 80, 81, 83, 93, 127, 128, 130, 135, 149, 150, 152, 162, 165, 185, 186, 188, 193, 233, 234, 236, 245, 257, 258, 260, 266, 283, 284, 286, 293, 310, 311, 313, 316], "summary": {"covered_lines": 33, "num_statements": 33, "percent_covered": 100.0, "percent_covered_display": "100", "missing_lines": 0, "excluded_lines": 0}, "missing_lines": [], "excluded_lines": []}}, "classes": {"NumberValidator": {"executed_lines": [33, 34, 35, 36, 39, 41, 42, 46, 47, 48, 50, 51, 52, 53, 54, 55, 59, 60, 65, 66, 71], "summary": {"covered_lines": 21, "num_statements": 24, "percent_covered": 87.5, "percent_covered_display": "88", "missing_lines": 3, "excluded_lines": 0}, "missing_lines": [72, 73, 74], "excluded_lines": []}, "DateValidator": {"executed_lines": [89, 90, 91, 94, 96, 102, 103, 104, 105, 110, 111, 118, 119], "summary": {"covered_lines": 13, "num_statements": 14, "percent_covered": 92.85714285714286, "percent_covered_display": "93", "missing_lines": 1, "excluded_lines": 0}, "missing_lines": [97], "excluded_lines": []}, "EmailValidator": {"executed_lines": [136, 138, 139, 143, 144], "summary": {"covered_lines": 5, "num_statements": 5, "percent_covered": 100.0, "percent_covered_display": "100", "missing_lines": 0, "excluded_lines": 0}, "missing_lines": [], "excluded_lines": []}, "URLValidator": {"executed_lines": [163, 166, 168, 173, 174, 178, 179], "summary": {"covered_lines": 7, "num_statements": 8, "percent_covered": 87.5, "percent_covered_display": "88", "missing_lines": 1, "excluded_lines": 0}, "missing_lines": [169], "excluded_lines": []}, "RangeValidator": {"executed_lines": [189, 190, 191, 194, 196, 201, 203, 204, 214, 215, 216], "summary": {"covered_lines": 11, "num_statements": 19, "percent_covered": 57.89473684210526, "percent_covered_display": "58", "missing_lines": 8, "excluded_lines": 0}, "missing_lines": [197, 205, 206, 208, 209, 210, 223, 224], "excluded_lines": []}, "RegexValidator": {"executed_lines": [242, 243, 246, 248, 253, 254], "summary": {"covered_lines": 6, "num_statements": 7, "percent_covered": 85.71428571428571, "percent_covered_display": "86", "missing_lines": 1, "excluded_lines": 0}, "missing_lines": [249], "excluded_lines": []}, "LengthValidator": {"executed_lines": [263, 264, 267, 268, 270, 271, 276, 277], "summary": {"covered_lines": 8, "num_statements": 8, "percent_covered": 100.0, "percent_covered_display": "100", "missing_lines": 0, "excluded_lines": 0}, "missing_lines": [], "excluded_lines": []}, "ChoiceValidator": {"executed_lines": [287, 288, 290, 291, 294, 296, 301, 303, 304, 305], "summary": {"covered_lines": 10, "num_statements": 11, "percent_covered": 90.9090909090909, "percent_covered_display": "91", "missing_lines": 1, "excluded_lines": 0}, "missing_lines": [297], "excluded_lines": []}, "CompositeValidator": {"executed_lines": [314, 317, 318, 319, 320, 322], "summary": {"covered_lines": 6, "num_statements": 6, "percent_covered": 100.0, "percent_covered_display": "100", "missing_lines": 0, "excluded_lines": 0}, "missing_lines": [], "excluded_lines": []}, "": {"executed_lines": [1, 5, 6, 7, 9, 12, 14, 15, 23, 24, 26, 38, 80, 81, 83, 93, 127, 128, 130, 135, 149, 150, 152, 162, 165, 185, 186, 188, 193, 233, 234, 236, 245, 257, 258, 260, 266, 283, 284, 286, 293, 310, 311, 313, 316], "summary": {"covered_lines": 35, "num_statements": 37, "percent_covered": 94.5945945945946, "percent_covered_display": "95", "missing_lines": 2, "excluded_lines": 0}, "missing_lines": [16, 20], "excluded_lines": []}}}}, "totals": {"covered_lines": 490, "num_statements": 948, "percent_covered": 51.687763713080166, "percent_covered_display": "52", "missing_lines": 458, "excluded_lines": 9}}