{"meta": {"format": 3, "version": "7.11.0", "timestamp": "2025-10-26T18:32:59.904321", "branch_coverage": false, "show_contexts": false}, "files": {"src/questionary_extended/__init__.py": {"executed_lines": [1, 10, 14, 15, 17, 18, 28, 36, 53, 56, 58, 61, 68, 74, 80, 94], "summary": {"covered_lines": 15, "num_statements": 19, "percent_covered": 78.94736842105263, "percent_covered_display": "79", "missing_lines": 4, "excluded_lines": 0}, "missing_lines": [19, 21, 22, 25], "excluded_lines": [], "functions": {"": {"executed_lines": [1, 10, 14, 15, 17, 18, 28, 36, 53, 56, 58, 61, 68, 74, 80, 94], "summary": {"covered_lines": 15, "num_statements": 19, "percent_covered": 78.94736842105263, "percent_covered_display": "79", "missing_lines": 4, "excluded_lines": 0}, "missing_lines": [19, 21, 22, 25], "excluded_lines": []}}, "classes": {"": {"executed_lines": [1, 10, 14, 15, 17, 18, 28, 36, 53, 56, 58, 61, 68, 74, 80, 94], "summary": {"covered_lines": 15, "num_statements": 19, "percent_covered": 78.94736842105263, "percent_covered_display": "79", "missing_lines": 4, "excluded_lines": 0}, "missing_lines": [19, 21, 22, 25], "excluded_lines": []}}}, "src/questionary_extended/assembly_runtime.py": {"executed_lines": [1, 8, 10, 11, 14, 15, 23, 42, 57, 70, 83, 98, 113, 128, 146, 162, 175], "summary": {"covered_lines": 15, "num_statements": 71, "percent_covered": 21.12676056338028, "percent_covered_display": "21", "missing_lines": 56, "excluded_lines": 0}, "missing_lines": [30, 33, 36, 37, 38, 40, 51, 52, 53, 54, 55, 65, 66, 67, 68, 78, 79, 80, 81, 93, 94, 95, 96, 108, 109, 110, 111, 120, 121, 122, 123, 124, 125, 126, 135, 136, 137, 138, 139, 140, 141, 142, 143, 144, 153, 154, 155, 156, 157, 158, 159, 160, 169, 170, 171, 172], "excluded_lines": [], "functions": {"Assembly.execute": {"executed_lines": [], "summary": {"covered_lines": 0, "num_statements": 6, "percent_covered": 0.0, "percent_covered_display": "0", "missing_lines": 6, "excluded_lines": 0}, "missing_lines": [30, 33, 36, 37, 38, 40], "excluded_lines": []}, "Assembly.update_choices": {"executed_lines": [], "summary": {"covered_lines": 0, "num_statements": 5, "percent_covered": 0.0, "percent_covered_display": "0", "missing_lines": 5, "excluded_lines": 0}, "missing_lines": [51, 52, 53, 54, 55], "excluded_lines": []}, "Assembly.show_components": {"executed_lines": [], "summary": {"covered_lines": 0, "num_statements": 4, "percent_covered": 0.0, "percent_covered_display": "0", "missing_lines": 4, "excluded_lines": 0}, "missing_lines": [65, 66, 67, 68], "excluded_lines": []}, "Assembly.hide_components": {"executed_lines": [], "summary": {"covered_lines": 0, "num_statements": 4, "percent_covered": 0.0, "percent_covered_display": "0", "missing_lines": 4, "excluded_lines": 0}, "missing_lines": [78, 79, 80, 81], "excluded_lines": []}, "Assembly.get_value": {"executed_lines": [], "summary": {"covered_lines": 0, "num_statements": 4, "percent_covered": 0.0, "percent_covered_display": "0", "missing_lines": 4, "excluded_lines": 0}, "missing_lines": [93, 94, 95, 96], "excluded_lines": []}, "Assembly.get_related_value": {"executed_lines": [], "summary": {"covered_lines": 0, "num_statements": 4, "percent_covered": 0.0, "percent_covered_display": "0", "missing_lines": 4, "excluded_lines": 0}, "missing_lines": [108, 109, 110, 111], "excluded_lines": []}, "Assembly.push_breadcrumb": {"executed_lines": [], "summary": {"covered_lines": 0, "num_statements": 7, "percent_covered": 0.0, "percent_covered_display": "0", "missing_lines": 7, "excluded_lines": 0}, "missing_lines": [120, 121, 122, 123, 124, 125, 126], "excluded_lines": []}, "Assembly.pop_breadcrumb": {"executed_lines": [], "summary": {"covered_lines": 0, "num_statements": 10, "percent_covered": 0.0, "percent_covered_display": "0", "missing_lines": 10, "excluded_lines": 0}, "missing_lines": [135, 136, 137, 138, 139, 140, 141, 142, 143, 144], "excluded_lines": []}, "Assembly.reset_to_level": {"executed_lines": [], "summary": {"covered_lines": 0, "num_statements": 8, "percent_covered": 0.0, "percent_covered_display": "0", "missing_lines": 8, "excluded_lines": 0}, "missing_lines": [153, 154, 155, 156, 157, 158, 159, 160], "excluded_lines": []}, "Assembly.complete_selection": {"executed_lines": [], "summary": {"covered_lines": 0, "num_statements": 4, "percent_covered": 0.0, "percent_covered_display": "0", "missing_lines": 4, "excluded_lines": 0}, "missing_lines": [169, 170, 171, 172], "excluded_lines": []}, "": {"executed_lines": [1, 8, 10, 11, 14, 15, 23, 42, 57, 70, 83, 98, 113, 128, 146, 162, 175], "summary": {"covered_lines": 15, "num_statements": 15, "percent_covered": 100.0, "percent_covered_display": "100", "missing_lines": 0, "excluded_lines": 0}, "missing_lines": [], "excluded_lines": []}}, "classes": {"Assembly": {"executed_lines": [], "summary": {"covered_lines": 0, "num_statements": 56, "percent_covered": 0.0, "percent_covered_display": "0", "missing_lines": 56, "excluded_lines": 0}, "missing_lines": [30, 33, 36, 37, 38, 40, 51, 52, 53, 54, 55, 65, 66, 67, 68, 78, 79, 80, 81, 93, 94, 95, 96, 108, 109, 110, 111, 120, 121, 122, 123, 124, 125, 126, 135, 136, 137, 138, 139, 140, 141, 142, 143, 144, 153, 154, 155, 156, 157, 158, 159, 160, 169, 170, 171, 172], "excluded_lines": []}, "": {"executed_lines": [1, 8, 10, 11, 14, 15, 23, 42, 57, 70, 83, 98, 113, 128, 146, 162, 175], "summary": {"covered_lines": 15, "num_statements": 15, "percent_covered": 100.0, "percent_covered_display": "100", "missing_lines": 0, "excluded_lines": 0}, "missing_lines": [], "excluded_lines": []}}}, "src/questionary_extended/component_dataclasses.py": {"executed_lines": [1, 7, 8, 9, 12, 13, 15, 16, 17, 18, 19, 20, 21, 24, 25, 26, 28, 29, 30, 31, 32, 33, 34, 36, 41, 42, 43, 45, 46, 49, 50, 51, 53, 54, 55, 56, 57, 58, 59, 60, 61, 62, 65, 66, 67, 69, 70, 71, 74, 75, 76, 78, 79, 80, 81, 82, 83, 85, 89, 94, 98, 99, 118, 119, 120, 122, 123, 124, 125, 126, 127, 129, 141, 142, 143, 145, 146, 147, 150, 151, 152, 154, 155, 156, 157, 158, 159, 160, 161, 162, 165, 166, 167, 169, 170, 171, 172, 175, 176, 177, 179, 180, 181, 182, 184, 185], "summary": {"covered_lines": 94, "num_statements": 137, "percent_covered": 68.61313868613139, "percent_covered_display": "69", "missing_lines": 43, "excluded_lines": 0}, "missing_lines": [37, 38, 86, 87, 91, 92, 96, 101, 103, 104, 105, 106, 107, 108, 109, 110, 112, 113, 115, 131, 132, 133, 188, 191, 192, 195, 196, 197, 198, 201, 204, 205, 207, 208, 209, 212, 219, 220, 221, 222, 224, 226, 228], "excluded_lines": [], "functions": {"Choice.__post_init__": {"executed_lines": [], "summary": {"covered_lines": 0, "num_statements": 2, "percent_covered": 0.0, "percent_covered_display": "0", "missing_lines": 2, "excluded_lines": 0}, "missing_lines": [37, 38], "excluded_lines": []}, "TreeNode.__post_init__": {"executed_lines": [], "summary": {"covered_lines": 0, "num_statements": 2, "percent_covered": 0.0, "percent_covered_display": "0", "missing_lines": 2, "excluded_lines": 0}, "missing_lines": [86, 87], "excluded_lines": []}, "TreeNode.add_child": {"executed_lines": [], "summary": {"covered_lines": 0, "num_statements": 2, "percent_covered": 0.0, "percent_covered_display": "0", "missing_lines": 2, "excluded_lines": 0}, "missing_lines": [91, 92], "excluded_lines": []}, "TreeNode.is_leaf": {"executed_lines": [], "summary": {"covered_lines": 0, "num_statements": 1, "percent_covered": 0.0, "percent_covered_display": "0", "missing_lines": 1, "excluded_lines": 0}, "missing_lines": [96], "excluded_lines": []}, "TreeNode.from_dict": {"executed_lines": [], "summary": {"covered_lines": 0, "num_statements": 12, "percent_covered": 0.0, "percent_covered_display": "0", "missing_lines": 12, "excluded_lines": 0}, "missing_lines": [101, 103, 104, 105, 106, 107, 108, 109, 110, 112, 113, 115], "excluded_lines": []}, "ProgressStep.to_question_dict": {"executed_lines": [], "summary": {"covered_lines": 0, "num_statements": 3, "percent_covered": 0.0, "percent_covered_display": "0", "missing_lines": 3, "excluded_lines": 0}, "missing_lines": [131, 132, 133], "excluded_lines": []}, "ColorInfo.from_hex": {"executed_lines": [], "summary": {"covered_lines": 0, "num_statements": 21, "percent_covered": 0.0, "percent_covered_display": "0", "missing_lines": 21, "excluded_lines": 0}, "missing_lines": [188, 191, 192, 195, 196, 197, 198, 201, 204, 205, 207, 208, 209, 212, 219, 220, 221, 222, 224, 226, 228], "excluded_lines": []}, "": {"executed_lines": [1, 7, 8, 9, 12, 13, 15, 16, 17, 18, 19, 20, 21, 24, 25, 26, 28, 29, 30, 31, 32, 33, 34, 36, 41, 42, 43, 45, 46, 49, 50, 51, 53, 54, 55, 56, 57, 58, 59, 60, 61, 62, 65, 66, 67, 69, 70, 71, 74, 75, 76, 78, 79, 80, 81, 82, 83, 85, 89, 94, 98, 99, 118, 119, 120, 122, 123, 124, 125, 126, 127, 129, 141, 142, 143, 145, 146, 147, 150, 151, 152, 154, 155, 156, 157, 158, 159, 160, 161, 162, 165, 166, 167, 169, 170, 171, 172, 175, 176, 177, 179, 180, 181, 182, 184, 185], "summary": {"covered_lines": 94, "num_statements": 94, "percent_covered": 100.0, "percent_covered_display": "100", "missing_lines": 0, "excluded_lines": 0}, "missing_lines": [], "excluded_lines": []}}, "classes": {"ColumnType": {"executed_lines": [], "summary": {"covered_lines": 0, "num_statements": 0, "percent_covered": 100.0, "percent_covered_display": "100", "missing_lines": 0, "excluded_lines": 0}, "missing_lines": [], "excluded_lines": []}, "Choice": {"executed_lines": [], "summary": {"covered_lines": 0, "num_statements": 2, "percent_covered": 0.0, "percent_covered_display": "0", "missing_lines": 2, "excluded_lines": 0}, "missing_lines": [37, 38], "excluded_lines": []}, "Separator": {"executed_lines": [], "summary": {"covered_lines": 0, "num_statements": 0, "percent_covered": 100.0, "percent_covered_display": "100", "missing_lines": 0, "excluded_lines": 0}, "missing_lines": [], "excluded_lines": []}, "Column": {"executed_lines": [], "summary": {"covered_lines": 0, "num_statements": 0, "percent_covered": 100.0, "percent_covered_display": "100", "missing_lines": 0, "excluded_lines": 0}, "missing_lines": [], "excluded_lines": []}, "TableRow": {"executed_lines": [], "summary": {"covered_lines": 0, "num_statements": 0, "percent_covered": 100.0, "percent_covered_display": "100", "missing_lines": 0, "excluded_lines": 0}, "missing_lines": [], "excluded_lines": []}, "TreeNode": {"executed_lines": [], "summary": {"covered_lines": 0, "num_statements": 17, "percent_covered": 0.0, "percent_covered_display": "0", "missing_lines": 17, "excluded_lines": 0}, "missing_lines": [86, 87, 91, 92, 96, 101, 103, 104, 105, 106, 107, 108, 109, 110, 112, 113, 115], "excluded_lines": []}, "ProgressStep": {"executed_lines": [], "summary": {"covered_lines": 0, "num_statements": 3, "percent_covered": 0.0, "percent_covered_display": "0", "missing_lines": 3, "excluded_lines": 0}, "missing_lines": [131, 132, 133], "excluded_lines": []}, "ValidationResult": {"executed_lines": [], "summary": {"covered_lines": 0, "num_statements": 0, "percent_covered": 100.0, "percent_covered_display": "100", "missing_lines": 0, "excluded_lines": 0}, "missing_lines": [], "excluded_lines": []}, "FormField": {"executed_lines": [], "summary": {"covered_lines": 0, "num_statements": 0, "percent_covered": 100.0, "percent_covered_display": "100", "missing_lines": 0, "excluded_lines": 0}, "missing_lines": [], "excluded_lines": []}, "Tag": {"executed_lines": [], "summary": {"covered_lines": 0, "num_statements": 0, "percent_covered": 100.0, "percent_covered_display": "100", "missing_lines": 0, "excluded_lines": 0}, "missing_lines": [], "excluded_lines": []}, "ColorInfo": {"executed_lines": [], "summary": {"covered_lines": 0, "num_statements": 21, "percent_covered": 0.0, "percent_covered_display": "0", "missing_lines": 21, "excluded_lines": 0}, "missing_lines": [188, 191, 192, 195, 196, 197, 198, 201, 204, 205, 207, 208, 209, 212, 219, 220, 221, 222, 224, 226, 228], "excluded_lines": []}, "": {"executed_lines": [1, 7, 8, 9, 12, 13, 15, 16, 17, 18, 19, 20, 21, 24, 25, 26, 28, 29, 30, 31, 32, 33, 34, 36, 41, 42, 43, 45, 46, 49, 50, 51, 53, 54, 55, 56, 57, 58, 59, 60, 61, 62, 65, 66, 67, 69, 70, 71, 74, 75, 76, 78, 79, 80, 81, 82, 83, 85, 89, 94, 98, 99, 118, 119, 120, 122, 123, 124, 125, 126, 127, 129, 141, 142, 143, 145, 146, 147, 150, 151, 152, 154, 155, 156, 157, 158, 159, 160, 161, 162, 165, 166, 167, 169, 170, 171, 172, 175, 176, 177, 179, 180, 181, 182, 184, 185], "summary": {"covered_lines": 94, "num_statements": 94, "percent_covered": 100.0, "percent_covered_display": "100", "missing_lines": 0, "excluded_lines": 0}, "missing_lines": [], "excluded_lines": []}}}, "src/questionary_extended/core/__init__.py": {"executed_lines": [1, 13, 14, 15, 25, 26, 28], "summary": {"covered_lines": 6, "num_statements": 6, "percent_covered": 100.0, "percent_covered_display": "100", "missing_lines": 0, "excluded_lines": 0}, "missing_lines": [], "excluded_lines": [], "functions": {"": {"executed_lines": [1, 13, 14, 15, 25, 26, 28], "summary": {"covered_lines": 6, "num_statements": 6, "percent_covered": 100.0, "percent_covered_display": "100", "missing_lines": 0, "excluded_lines": 0}, "missing_lines": [], "excluded_lines": []}}, "classes": {"": {"executed_lines": [1, 13, 14, 15, 25, 26, 28], "summary": {"covered_lines": 6, "num_statements": 6, "percent_covered": 100.0, "percent_covered_display": "100", "missing_lines": 0, "excluded_lines": 0}, "missing_lines": [], "excluded_lines": []}}}, "src/questionary_extended/core/assembly_base.py": {"executed_lines": [1, 8, 10, 14, 15, 25, 41, 59, 78, 93, 107, 122, 126, 130, 134, 138, 142, 147], "summary": {"covered_lines": 15, "num_statements": 39, "percent_covered": 38.46153846153846, "percent_covered_display": "38", "missing_lines": 24, "excluded_lines": 2}, "missing_lines": [33, 34, 35, 37, 53, 55, 56, 57, 72, 74, 75, 76, 90, 91, 104, 105, 119, 120, 124, 128, 132, 136, 140, 144], "excluded_lines": [10, 11], "functions": {"AssemblyBase.__init__": {"executed_lines": [], "summary": {"covered_lines": 0, "num_statements": 4, "percent_covered": 0.0, "percent_covered_display": "0", "missing_lines": 4, "excluded_lines": 0}, "missing_lines": [33, 34, 35, 37], "excluded_lines": []}, "AssemblyBase.text": {"executed_lines": [], "summary": {"covered_lines": 0, "num_statements": 4, "percent_covered": 0.0, "percent_covered_display": "0", "missing_lines": 4, "excluded_lines": 0}, "missing_lines": [53, 55, 56, 57], "excluded_lines": []}, "AssemblyBase.select": {"executed_lines": [], "summary": {"covered_lines": 0, "num_statements": 4, "percent_covered": 0.0, "percent_covered_display": "0", "missing_lines": 4, "excluded_lines": 0}, "missing_lines": [72, 74, 75, 76], "excluded_lines": []}, "AssemblyBase.on_change": {"executed_lines": [], "summary": {"covered_lines": 0, "num_statements": 2, "percent_covered": 0.0, "percent_covered_display": "0", "missing_lines": 2, "excluded_lines": 0}, "missing_lines": [90, 91], "excluded_lines": []}, "AssemblyBase.on_validate": {"executed_lines": [], "summary": {"covered_lines": 0, "num_statements": 2, "percent_covered": 0.0, "percent_covered_display": "0", "missing_lines": 2, "excluded_lines": 0}, "missing_lines": [104, 105], "excluded_lines": []}, "AssemblyBase.on_complete": {"executed_lines": [], "summary": {"covered_lines": 0, "num_statements": 2, "percent_covered": 0.0, "percent_covered_display": "0", "missing_lines": 2, "excluded_lines": 0}, "missing_lines": [119, 120], "excluded_lines": []}, "AssemblyBase.execute": {"executed_lines": [], "summary": {"covered_lines": 0, "num_statements": 1, "percent_covered": 0.0, "percent_covered_display": "0", "missing_lines": 1, "excluded_lines": 0}, "missing_lines": [124], "excluded_lines": []}, "AssemblyBase.show_components": {"executed_lines": [], "summary": {"covered_lines": 0, "num_statements": 1, "percent_covered": 0.0, "percent_covered_display": "0", "missing_lines": 1, "excluded_lines": 0}, "missing_lines": [128], "excluded_lines": []}, "AssemblyBase.hide_components": {"executed_lines": [], "summary": {"covered_lines": 0, "num_statements": 1, "percent_covered": 0.0, "percent_covered_display": "0", "missing_lines": 1, "excluded_lines": 0}, "missing_lines": [132], "excluded_lines": []}, "AssemblyBase.get_value": {"executed_lines": [], "summary": {"covered_lines": 0, "num_statements": 1, "percent_covered": 0.0, "percent_covered_display": "0", "missing_lines": 1, "excluded_lines": 0}, "missing_lines": [136], "excluded_lines": []}, "AssemblyBase.get_related_value": {"executed_lines": [], "summary": {"covered_lines": 0, "num_statements": 1, "percent_covered": 0.0, "percent_covered_display": "0", "missing_lines": 1, "excluded_lines": 0}, "missing_lines": [140], "excluded_lines": []}, "AssemblyBase.parent": {"executed_lines": [], "summary": {"covered_lines": 0, "num_statements": 1, "percent_covered": 0.0, "percent_covered_display": "0", "missing_lines": 1, "excluded_lines": 0}, "missing_lines": [144], "excluded_lines": []}, "": {"executed_lines": [1, 8, 10, 14, 15, 25, 41, 59, 78, 93, 107, 122, 126, 130, 134, 138, 142, 147], "summary": {"covered_lines": 15, "num_statements": 15, "percent_covered": 100.0, "percent_covered_display": "100", "missing_lines": 0, "excluded_lines": 2}, "missing_lines": [], "excluded_lines": [10, 11]}}, "classes": {"AssemblyBase": {"executed_lines": [], "summary": {"covered_lines": 0, "num_statements": 24, "percent_covered": 0.0, "percent_covered_display": "0", "missing_lines": 24, "excluded_lines": 0}, "missing_lines": [33, 34, 35, 37, 53, 55, 56, 57, 72, 74, 75, 76, 90, 91, 104, 105, 119, 120, 124, 128, 132, 136, 140, 144], "excluded_lines": []}, "": {"executed_lines": [1, 8, 10, 14, 15, 25, 41, 59, 78, 93, 107, 122, 126, 130, 134, 138, 142, 147], "summary": {"covered_lines": 15, "num_statements": 15, "percent_covered": 100.0, "percent_covered_display": "100", "missing_lines": 0, "excluded_lines": 2}, "missing_lines": [], "excluded_lines": [10, 11]}}}, "src/questionary_extended/core/card.py": {"executed_lines": [1, 8, 10, 14, 15, 25, 40, 62, 85, 89, 93, 98], "summary": {"covered_lines": 9, "num_statements": 29, "percent_covered": 31.03448275862069, "percent_covered_display": "31", "missing_lines": 20, "excluded_lines": 2}, "missing_lines": [34, 35, 36, 37, 38, 51, 52, 56, 58, 59, 60, 74, 75, 79, 81, 82, 83, 87, 91, 95], "excluded_lines": [10, 11], "functions": {"Card.__init__": {"executed_lines": [], "summary": {"covered_lines": 0, "num_statements": 5, "percent_covered": 0.0, "percent_covered_display": "0", "missing_lines": 5, "excluded_lines": 0}, "missing_lines": [34, 35, 36, 37, 38], "excluded_lines": []}, "Card.text": {"executed_lines": [], "summary": {"covered_lines": 0, "num_statements": 6, "percent_covered": 0.0, "percent_covered_display": "0", "missing_lines": 6, "excluded_lines": 0}, "missing_lines": [51, 52, 56, 58, 59, 60], "excluded_lines": []}, "Card.select": {"executed_lines": [], "summary": {"covered_lines": 0, "num_statements": 6, "percent_covered": 0.0, "percent_covered_display": "0", "missing_lines": 6, "excluded_lines": 0}, "missing_lines": [74, 75, 79, 81, 82, 83], "excluded_lines": []}, "Card.show": {"executed_lines": [], "summary": {"covered_lines": 0, "num_statements": 1, "percent_covered": 0.0, "percent_covered_display": "0", "missing_lines": 1, "excluded_lines": 0}, "missing_lines": [87], "excluded_lines": []}, "Card.hide": {"executed_lines": [], "summary": {"covered_lines": 0, "num_statements": 1, "percent_covered": 0.0, "percent_covered_display": "0", "missing_lines": 1, "excluded_lines": 0}, "missing_lines": [91], "excluded_lines": []}, "Card.parent": {"executed_lines": [], "summary": {"covered_lines": 0, "num_statements": 1, "percent_covered": 0.0, "percent_covered_display": "0", "missing_lines": 1, "excluded_lines": 0}, "missing_lines": [95], "excluded_lines": []}, "": {"executed_lines": [1, 8, 10, 14, 15, 25, 40, 62, 85, 89, 93, 98], "summary": {"covered_lines": 9, "num_statements": 9, "percent_covered": 100.0, "percent_covered_display": "100", "missing_lines": 0, "excluded_lines": 2}, "missing_lines": [], "excluded_lines": [10, 11]}}, "classes": {"Card": {"executed_lines": [], "summary": {"covered_lines": 0, "num_statements": 20, "percent_covered": 0.0, "percent_covered_display": "0", "missing_lines": 20, "excluded_lines": 0}, "missing_lines": [34, 35, 36, 37, 38, 51, 52, 56, 58, 59, 60, 74, 75, 79, 81, 82, 83, 87, 91, 95], "excluded_lines": []}, "": {"executed_lines": [1, 8, 10, 14, 15, 25, 40, 62, 85, 89, 93, 98], "summary": {"covered_lines": 9, "num_statements": 9, "percent_covered": 100.0, "percent_covered_display": "100", "missing_lines": 0, "excluded_lines": 2}, "missing_lines": [], "excluded_lines": [10, 11]}}}, "src/questionary_extended/core/component_wrappers.py": {"executed_lines": [1, 8, 11, 12, 20, 41, 45, 59, 99, 106, 120, 127, 134, 148, 162, 169], "summary": {"covered_lines": 14, "num_statements": 72, "percent_covered": 19.444444444444443, "percent_covered_display": "19", "missing_lines": 58, "excluded_lines": 0}, "missing_lines": [29, 30, 31, 32, 33, 34, 37, 43, 48, 49, 51, 52, 57, 63, 64, 66, 67, 70, 74, 75, 78, 79, 81, 82, 83, 85, 87, 88, 90, 94, 95, 101, 102, 103, 113, 114, 115, 116, 117, 122, 123, 124, 129, 130, 131, 141, 142, 143, 144, 145, 155, 156, 157, 158, 159, 164, 165, 166], "excluded_lines": [], "functions": {"Component.__init__": {"executed_lines": [], "summary": {"covered_lines": 0, "num_statements": 7, "percent_covered": 0.0, "percent_covered_display": "0", "missing_lines": 7, "excluded_lines": 0}, "missing_lines": [29, 30, 31, 32, 33, 34, 37], "excluded_lines": []}, "Component.add_validator": {"executed_lines": [], "summary": {"covered_lines": 0, "num_statements": 1, "percent_covered": 0.0, "percent_covered_display": "0", "missing_lines": 1, "excluded_lines": 0}, "missing_lines": [43], "excluded_lines": []}, "Component.is_visible": {"executed_lines": [], "summary": {"covered_lines": 0, "num_statements": 5, "percent_covered": 0.0, "percent_covered_display": "0", "missing_lines": 5, "excluded_lines": 0}, "missing_lines": [48, 49, 51, 52, 57], "excluded_lines": []}, "Component.create_questionary_component": {"executed_lines": [], "summary": {"covered_lines": 0, "num_statements": 18, "percent_covered": 0.0, "percent_covered_display": "0", "missing_lines": 18, "excluded_lines": 0}, "missing_lines": [63, 64, 66, 67, 70, 74, 75, 78, 79, 81, 82, 83, 85, 87, 88, 90, 94, 95], "excluded_lines": []}, "text": {"executed_lines": [], "summary": {"covered_lines": 0, "num_statements": 3, "percent_covered": 0.0, "percent_covered_display": "0", "missing_lines": 3, "excluded_lines": 0}, "missing_lines": [101, 102, 103], "excluded_lines": []}, "select": {"executed_lines": [], "summary": {"covered_lines": 0, "num_statements": 5, "percent_covered": 0.0, "percent_covered_display": "0", "missing_lines": 5, "excluded_lines": 0}, "missing_lines": [113, 114, 115, 116, 117], "excluded_lines": []}, "confirm": {"executed_lines": [], "summary": {"covered_lines": 0, "num_statements": 3, "percent_covered": 0.0, "percent_covered_display": "0", "missing_lines": 3, "excluded_lines": 0}, "missing_lines": [122, 123, 124], "excluded_lines": []}, "password": {"executed_lines": [], "summary": {"covered_lines": 0, "num_statements": 3, "percent_covered": 0.0, "percent_covered_display": "0", "missing_lines": 3, "excluded_lines": 0}, "missing_lines": [129, 130, 131], "excluded_lines": []}, "checkbox": {"executed_lines": [], "summary": {"covered_lines": 0, "num_statements": 5, "percent_covered": 0.0, "percent_covered_display": "0", "missing_lines": 5, "excluded_lines": 0}, "missing_lines": [141, 142, 143, 144, 145], "excluded_lines": []}, "autocomplete": {"executed_lines": [], "summary": {"covered_lines": 0, "num_statements": 5, "percent_covered": 0.0, "percent_covered_display": "0", "missing_lines": 5, "excluded_lines": 0}, "missing_lines": [155, 156, 157, 158, 159], "excluded_lines": []}, "path": {"executed_lines": [], "summary": {"covered_lines": 0, "num_statements": 3, "percent_covered": 0.0, "percent_covered_display": "0", "missing_lines": 3, "excluded_lines": 0}, "missing_lines": [164, 165, 166], "excluded_lines": []}, "": {"executed_lines": [1, 8, 11, 12, 20, 41, 45, 59, 99, 106, 120, 127, 134, 148, 162, 169], "summary": {"covered_lines": 14, "num_statements": 14, "percent_covered": 100.0, "percent_covered_display": "100", "missing_lines": 0, "excluded_lines": 0}, "missing_lines": [], "excluded_lines": []}}, "classes": {"Component": {"executed_lines": [], "summary": {"covered_lines": 0, "num_statements": 31, "percent_covered": 0.0, "percent_covered_display": "0", "missing_lines": 31, "excluded_lines": 0}, "missing_lines": [29, 30, 31, 32, 33, 34, 37, 43, 48, 49, 51, 52, 57, 63, 64, 66, 67, 70, 74, 75, 78, 79, 81, 82, 83, 85, 87, 88, 90, 94, 95], "excluded_lines": []}, "": {"executed_lines": [1, 8, 11, 12, 20, 41, 45, 59, 99, 106, 120, 127, 134, 148, 162, 169], "summary": {"covered_lines": 14, "num_statements": 41, "percent_covered": 34.146341463414636, "percent_covered_display": "34", "missing_lines": 27, "excluded_lines": 0}, "missing_lines": [101, 102, 103, 113, 114, 115, 116, 117, 122, 123, 124, 129, 130, 131, 141, 142, 143, 144, 145, 155, 156, 157, 158, 159, 164, 165, 166], "excluded_lines": []}}}, "src/questionary_extended/core/page_base.py": {"executed_lines": [1, 8, 10, 12, 17, 18, 28, 38, 54, 69, 78], "summary": {"covered_lines": 8, "num_statements": 20, "percent_covered": 40.0, "percent_covered_display": "40", "missing_lines": 12, "excluded_lines": 3}, "missing_lines": [34, 35, 36, 48, 50, 51, 52, 63, 65, 66, 67, 75], "excluded_lines": [12, 13, 14], "functions": {"PageBase.__init__": {"executed_lines": [], "summary": {"covered_lines": 0, "num_statements": 3, "percent_covered": 0.0, "percent_covered_display": "0", "missing_lines": 3, "excluded_lines": 0}, "missing_lines": [34, 35, 36], "excluded_lines": []}, "PageBase.card": {"executed_lines": [], "summary": {"covered_lines": 0, "num_statements": 4, "percent_covered": 0.0, "percent_covered_display": "0", "missing_lines": 4, "excluded_lines": 0}, "missing_lines": [48, 50, 51, 52], "excluded_lines": []}, "PageBase.assembly": {"executed_lines": [], "summary": {"covered_lines": 0, "num_statements": 4, "percent_covered": 0.0, "percent_covered_display": "0", "missing_lines": 4, "excluded_lines": 0}, "missing_lines": [63, 65, 66, 67], "excluded_lines": []}, "PageBase.run": {"executed_lines": [], "summary": {"covered_lines": 0, "num_statements": 1, "percent_covered": 0.0, "percent_covered_display": "0", "missing_lines": 1, "excluded_lines": 0}, "missing_lines": [75], "excluded_lines": []}, "": {"executed_lines": [1, 8, 10, 12, 17, 18, 28, 38, 54, 69, 78], "summary": {"covered_lines": 8, "num_statements": 8, "percent_covered": 100.0, "percent_covered_display": "100", "missing_lines": 0, "excluded_lines": 3}, "missing_lines": [], "excluded_lines": [12, 13, 14]}}, "classes": {"PageBase": {"executed_lines": [], "summary": {"covered_lines": 0, "num_statements": 12, "percent_covered": 0.0, "percent_covered_display": "0", "missing_lines": 12, "excluded_lines": 0}, "missing_lines": [34, 35, 36, 48, 50, 51, 52, 63, 65, 66, 67, 75], "excluded_lines": []}, "": {"executed_lines": [1, 8, 10, 12, 17, 18, 28, 38, 54, 69, 78], "summary": {"covered_lines": 8, "num_statements": 8, "percent_covered": 100.0, "percent_covered_display": "100", "missing_lines": 0, "excluded_lines": 3}, "missing_lines": [], "excluded_lines": [12, 13, 14]}}}, "src/questionary_extended/core/state.py": {"executed_lines": [1, 8, 11, 12, 22, 27, 44, 64, 75, 90, 105, 114, 120], "summary": {"covered_lines": 11, "num_statements": 39, "percent_covered": 28.205128205128204, "percent_covered_display": "28", "missing_lines": 28, "excluded_lines": 0}, "missing_lines": [24, 25, 34, 36, 37, 38, 39, 42, 54, 56, 57, 58, 59, 62, 73, 81, 84, 85, 86, 88, 99, 100, 101, 103, 111, 112, 116, 117], "excluded_lines": [], "functions": {"PageState.__init__": {"executed_lines": [], "summary": {"covered_lines": 0, "num_statements": 2, "percent_covered": 0.0, "percent_covered_display": "0", "missing_lines": 2, "excluded_lines": 0}, "missing_lines": [24, 25], "excluded_lines": []}, "PageState.set": {"executed_lines": [], "summary": {"covered_lines": 0, "num_statements": 6, "percent_covered": 0.0, "percent_covered_display": "0", "missing_lines": 6, "excluded_lines": 0}, "missing_lines": [34, 36, 37, 38, 39, 42], "excluded_lines": []}, "PageState.get": {"executed_lines": [], "summary": {"covered_lines": 0, "num_statements": 6, "percent_covered": 0.0, "percent_covered_display": "0", "missing_lines": 6, "excluded_lines": 0}, "missing_lines": [54, 56, 57, 58, 59, 62], "excluded_lines": []}, "PageState.get_assembly_state": {"executed_lines": [], "summary": {"covered_lines": 0, "num_statements": 1, "percent_covered": 0.0, "percent_covered_display": "0", "missing_lines": 1, "excluded_lines": 0}, "missing_lines": [73], "excluded_lines": []}, "PageState.get_all_state": {"executed_lines": [], "summary": {"covered_lines": 0, "num_statements": 5, "percent_covered": 0.0, "percent_covered_display": "0", "missing_lines": 5, "excluded_lines": 0}, "missing_lines": [81, 84, 85, 86, 88], "excluded_lines": []}, "PageState.has_key": {"executed_lines": [], "summary": {"covered_lines": 0, "num_statements": 4, "percent_covered": 0.0, "percent_covered_display": "0", "missing_lines": 4, "excluded_lines": 0}, "missing_lines": [99, 100, 101, 103], "excluded_lines": []}, "PageState.clear_assembly": {"executed_lines": [], "summary": {"covered_lines": 0, "num_statements": 2, "percent_covered": 0.0, "percent_covered_display": "0", "missing_lines": 2, "excluded_lines": 0}, "missing_lines": [111, 112], "excluded_lines": []}, "PageState.clear_all": {"executed_lines": [], "summary": {"covered_lines": 0, "num_statements": 2, "percent_covered": 0.0, "percent_covered_display": "0", "missing_lines": 2, "excluded_lines": 0}, "missing_lines": [116, 117], "excluded_lines": []}, "": {"executed_lines": [1, 8, 11, 12, 22, 27, 44, 64, 75, 90, 105, 114, 120], "summary": {"covered_lines": 11, "num_statements": 11, "percent_covered": 100.0, "percent_covered_display": "100", "missing_lines": 0, "excluded_lines": 0}, "missing_lines": [], "excluded_lines": []}}, "classes": {"PageState": {"executed_lines": [], "summary": {"covered_lines": 0, "num_statements": 28, "percent_covered": 0.0, "percent_covered_display": "0", "missing_lines": 28, "excluded_lines": 0}, "missing_lines": [24, 25, 34, 36, 37, 38, 39, 42, 54, 56, 57, 58, 59, 62, 73, 81, 84, 85, 86, 88, 99, 100, 101, 103, 111, 112, 116, 117], "excluded_lines": []}, "": {"executed_lines": [1, 8, 11, 12, 22, 27, 44, 64, 75, 90, 105, 114, 120], "summary": {"covered_lines": 11, "num_statements": 11, "percent_covered": 100.0, "percent_covered_display": "100", "missing_lines": 0, "excluded_lines": 0}, "missing_lines": [], "excluded_lines": []}}}, "src/questionary_extended/page_runtime.py": {"executed_lines": [1, 3, 4, 7, 8, 15], "summary": {"covered_lines": 5, "num_statements": 11, "percent_covered": 45.45454545454545, "percent_covered_display": "45", "missing_lines": 6, "excluded_lines": 0}, "missing_lines": [16, 17, 19, 20, 21, 24], "excluded_lines": [], "functions": {"Page.run": {"executed_lines": [], "summary": {"covered_lines": 0, "num_statements": 6, "percent_covered": 0.0, "percent_covered_display": "0", "missing_lines": 6, "excluded_lines": 0}, "missing_lines": [16, 17, 19, 20, 21, 24], "excluded_lines": []}, "": {"executed_lines": [1, 3, 4, 7, 8, 15], "summary": {"covered_lines": 5, "num_statements": 5, "percent_covered": 100.0, "percent_covered_display": "100", "missing_lines": 0, "excluded_lines": 0}, "missing_lines": [], "excluded_lines": []}}, "classes": {"Page": {"executed_lines": [], "summary": {"covered_lines": 0, "num_statements": 6, "percent_covered": 0.0, "percent_covered_display": "0", "missing_lines": 6, "excluded_lines": 0}, "missing_lines": [16, 17, 19, 20, 21, 24], "excluded_lines": []}, "": {"executed_lines": [1, 3, 4, 7, 8, 15], "summary": {"covered_lines": 5, "num_statements": 5, "percent_covered": 100.0, "percent_covered_display": "100", "missing_lines": 0, "excluded_lines": 0}, "missing_lines": [], "excluded_lines": []}}}, "src/questionary_extended/prompts_base.py": {"executed_lines": [1, 6, 7, 9, 12, 26, 51, 52, 59, 84, 92, 95, 98, 110, 123, 147, 158, 164, 165, 167, 175, 180, 191, 205, 219, 226, 233, 240], "summary": {"covered_lines": 25, "num_statements": 101, "percent_covered": 24.752475247524753, "percent_covered_display": "25", "missing_lines": 76, "excluded_lines": 0}, "missing_lines": [18, 19, 20, 23, 36, 37, 38, 39, 41, 42, 44, 45, 46, 48, 65, 66, 67, 68, 74, 75, 76, 78, 80, 81, 82, 86, 87, 88, 89, 90, 93, 96, 99, 104, 118, 119, 120, 132, 134, 138, 139, 142, 153, 160, 161, 170, 171, 172, 173, 176, 177, 178, 186, 187, 189, 192, 194, 195, 196, 197, 198, 200, 203, 206, 207, 208, 209, 210, 211, 213, 216, 217, 220, 230, 237, 244], "excluded_lines": [], "functions": {"_resolve_questionary": {"executed_lines": [], "summary": {"covered_lines": 0, "num_statements": 4, "percent_covered": 0.0, "percent_covered_display": "0", "missing_lines": 4, "excluded_lines": 0}, "missing_lines": [18, 19, 20, 23], "excluded_lines": []}, "_lazy_factory": {"executed_lines": [], "summary": {"covered_lines": 0, "num_statements": 8, "percent_covered": 0.0, "percent_covered_display": "0", "missing_lines": 8, "excluded_lines": 0}, "missing_lines": [36, 37, 38, 39, 41, 42, 44, 48], "excluded_lines": []}, "_lazy_factory._f": {"executed_lines": [], "summary": {"covered_lines": 0, "num_statements": 2, "percent_covered": 0.0, "percent_covered_display": "0", "missing_lines": 2, "excluded_lines": 0}, "missing_lines": [45, 46], "excluded_lines": []}, "LazyQuestion.__init__": {"executed_lines": [], "summary": {"covered_lines": 0, "num_statements": 11, "percent_covered": 0.0, "percent_covered_display": "0", "missing_lines": 11, "excluded_lines": 0}, "missing_lines": [65, 66, 67, 68, 74, 75, 76, 78, 80, 81, 82], "excluded_lines": []}, "LazyQuestion.build": {"executed_lines": [], "summary": {"covered_lines": 0, "num_statements": 5, "percent_covered": 0.0, "percent_covered_display": "0", "missing_lines": 5, "excluded_lines": 0}, "missing_lines": [86, 87, 88, 89, 90], "excluded_lines": []}, "LazyQuestion.__call__": {"executed_lines": [], "summary": {"covered_lines": 0, "num_statements": 1, "percent_covered": 0.0, "percent_covered_display": "0", "missing_lines": 1, "excluded_lines": 0}, "missing_lines": [93], "excluded_lines": []}, "LazyQuestion.ask": {"executed_lines": [], "summary": {"covered_lines": 0, "num_statements": 1, "percent_covered": 0.0, "percent_covered_display": "0", "missing_lines": 1, "excluded_lines": 0}, "missing_lines": [96], "excluded_lines": []}, "LazyQuestion.__repr__": {"executed_lines": [], "summary": {"covered_lines": 0, "num_statements": 2, "percent_covered": 0.0, "percent_covered_display": "0", "missing_lines": 2, "excluded_lines": 0}, "missing_lines": [99, 104], "excluded_lines": []}, "enhanced_text": {"executed_lines": [], "summary": {"covered_lines": 0, "num_statements": 3, "percent_covered": 0.0, "percent_covered_display": "0", "missing_lines": 3, "excluded_lines": 0}, "missing_lines": [118, 119, 120], "excluded_lines": []}, "number": {"executed_lines": [], "summary": {"covered_lines": 0, "num_statements": 5, "percent_covered": 0.0, "percent_covered_display": "0", "missing_lines": 5, "excluded_lines": 0}, "missing_lines": [132, 134, 138, 139, 142], "excluded_lines": []}, "integer": {"executed_lines": [], "summary": {"covered_lines": 0, "num_statements": 1, "percent_covered": 0.0, "percent_covered_display": "0", "missing_lines": 1, "excluded_lines": 0}, "missing_lines": [153], "excluded_lines": []}, "form": {"executed_lines": [], "summary": {"covered_lines": 0, "num_statements": 2, "percent_covered": 0.0, "percent_covered_display": "0", "missing_lines": 2, "excluded_lines": 0}, "missing_lines": [160, 161], "excluded_lines": []}, "ProgressTracker.__init__": {"executed_lines": [], "summary": {"covered_lines": 0, "num_statements": 4, "percent_covered": 0.0, "percent_covered_display": "0", "missing_lines": 4, "excluded_lines": 0}, "missing_lines": [170, 171, 172, 173], "excluded_lines": []}, "ProgressTracker.__enter__": {"executed_lines": [], "summary": {"covered_lines": 0, "num_statements": 3, "percent_covered": 0.0, "percent_covered_display": "0", "missing_lines": 3, "excluded_lines": 0}, "missing_lines": [176, 177, 178], "excluded_lines": []}, "ProgressTracker.__exit__": {"executed_lines": [], "summary": {"covered_lines": 0, "num_statements": 3, "percent_covered": 0.0, "percent_covered_display": "0", "missing_lines": 3, "excluded_lines": 0}, "missing_lines": [186, 187, 189], "excluded_lines": []}, "ProgressTracker.step": {"executed_lines": [], "summary": {"covered_lines": 0, "num_statements": 8, "percent_covered": 0.0, "percent_covered_display": "0", "missing_lines": 8, "excluded_lines": 0}, "missing_lines": [192, 194, 195, 196, 197, 198, 200, 203], "excluded_lines": []}, "ProgressTracker.update": {"executed_lines": [], "summary": {"covered_lines": 0, "num_statements": 9, "percent_covered": 0.0, "percent_covered_display": "0", "missing_lines": 9, "excluded_lines": 0}, "missing_lines": [206, 207, 208, 209, 210, 211, 213, 216, 217], "excluded_lines": []}, "ProgressTracker.complete": {"executed_lines": [], "summary": {"covered_lines": 0, "num_statements": 1, "percent_covered": 0.0, "percent_covered_display": "0", "missing_lines": 1, "excluded_lines": 0}, "missing_lines": [220], "excluded_lines": []}, "confirm_enhanced": {"executed_lines": [], "summary": {"covered_lines": 0, "num_statements": 1, "percent_covered": 0.0, "percent_covered_display": "0", "missing_lines": 1, "excluded_lines": 0}, "missing_lines": [230], "excluded_lines": []}, "select_enhanced": {"executed_lines": [], "summary": {"covered_lines": 0, "num_statements": 1, "percent_covered": 0.0, "percent_covered_display": "0", "missing_lines": 1, "excluded_lines": 0}, "missing_lines": [237], "excluded_lines": []}, "checkbox_enhanced": {"executed_lines": [], "summary": {"covered_lines": 0, "num_statements": 1, "percent_covered": 0.0, "percent_covered_display": "0", "missing_lines": 1, "excluded_lines": 0}, "missing_lines": [244], "excluded_lines": []}, "": {"executed_lines": [1, 6, 7, 9, 12, 26, 51, 52, 59, 84, 92, 95, 98, 110, 123, 147, 158, 164, 165, 167, 175, 180, 191, 205, 219, 226, 233, 240], "summary": {"covered_lines": 25, "num_statements": 25, "percent_covered": 100.0, "percent_covered_display": "100", "missing_lines": 0, "excluded_lines": 0}, "missing_lines": [], "excluded_lines": []}}, "classes": {"LazyQuestion": {"executed_lines": [], "summary": {"covered_lines": 0, "num_statements": 20, "percent_covered": 0.0, "percent_covered_display": "0", "missing_lines": 20, "excluded_lines": 0}, "missing_lines": [65, 66, 67, 68, 74, 75, 76, 78, 80, 81, 82, 86, 87, 88, 89, 90, 93, 96, 99, 104], "excluded_lines": []}, "ProgressTracker": {"executed_lines": [], "summary": {"covered_lines": 0, "num_statements": 28, "percent_covered": 0.0, "percent_covered_display": "0", "missing_lines": 28, "excluded_lines": 0}, "missing_lines": [170, 171, 172, 173, 176, 177, 178, 186, 187, 189, 192, 194, 195, 196, 197, 198, 200, 203, 206, 207, 208, 209, 210, 211, 213, 216, 217, 220], "excluded_lines": []}, "": {"executed_lines": [1, 6, 7, 9, 12, 26, 51, 52, 59, 84, 92, 95, 98, 110, 123, 147, 158, 164, 165, 167, 175, 180, 191, 205, 219, 226, 233, 240], "summary": {"covered_lines": 25, "num_statements": 53, "percent_covered": 47.16981132075472, "percent_covered_display": "47", "missing_lines": 28, "excluded_lines": 0}, "missing_lines": [18, 19, 20, 23, 36, 37, 38, 39, 41, 42, 44, 45, 46, 48, 118, 119, 120, 132, 134, 138, 139, 142, 153, 160, 161, 230, 237, 244], "excluded_lines": []}}}, "src/questionary_extended/prompts_extended.py": {"executed_lines": [1, 11, 12, 13, 16, 17, 21, 24, 40, 48, 50, 52, 110, 111, 114, 117, 134, 147, 173, 185, 197, 202, 234, 246, 258, 286, 328, 335, 360, 385, 414, 444, 476, 505, 523, 549], "summary": {"covered_lines": 35, "num_statements": 135, "percent_covered": 25.925925925925927, "percent_covered_display": "26", "missing_lines": 100, "excluded_lines": 0}, "missing_lines": [27, 28, 29, 32, 33, 34, 37, 41, 42, 43, 45, 53, 56, 58, 66, 67, 70, 71, 72, 73, 75, 79, 80, 83, 84, 85, 86, 87, 89, 90, 92, 93, 95, 96, 98, 99, 100, 104, 105, 106, 107, 131, 144, 160, 164, 180, 192, 199, 224, 228, 230, 231, 241, 242, 243, 253, 254, 255, 279, 280, 282, 283, 307, 309, 310, 311, 312, 313, 314, 316, 317, 319, 320, 322, 323, 332, 355, 380, 400, 401, 402, 403, 405, 406, 407, 409, 411, 434, 435, 436, 437, 439, 441, 466, 498, 519, 520, 543, 544, 545], "excluded_lines": [], "functions": {"_resolve_questionary": {"executed_lines": [], "summary": {"covered_lines": 0, "num_statements": 7, "percent_covered": 0.0, "percent_covered_display": "0", "missing_lines": 7, "excluded_lines": 0}, "missing_lines": [27, 28, 29, 32, 33, 34, 37], "excluded_lines": []}, "_lazy_factory": {"executed_lines": [], "summary": {"covered_lines": 0, "num_statements": 2, "percent_covered": 0.0, "percent_covered_display": "0", "missing_lines": 2, "excluded_lines": 0}, "missing_lines": [41, 45], "excluded_lines": []}, "_lazy_factory._f": {"executed_lines": [], "summary": {"covered_lines": 0, "num_statements": 2, "percent_covered": 0.0, "percent_covered_display": "0", "missing_lines": 2, "excluded_lines": 0}, "missing_lines": [42, 43], "excluded_lines": []}, "enhanced_text": {"executed_lines": [], "summary": {"covered_lines": 0, "num_statements": 1, "percent_covered": 0.0, "percent_covered_display": "0", "missing_lines": 1, "excluded_lines": 0}, "missing_lines": [131], "excluded_lines": []}, "rich_text": {"executed_lines": [], "summary": {"covered_lines": 0, "num_statements": 1, "percent_covered": 0.0, "percent_covered_display": "0", "missing_lines": 1, "excluded_lines": 0}, "missing_lines": [144], "excluded_lines": []}, "number": {"executed_lines": [], "summary": {"covered_lines": 0, "num_statements": 2, "percent_covered": 0.0, "percent_covered_display": "0", "missing_lines": 2, "excluded_lines": 0}, "missing_lines": [160, 164], "excluded_lines": []}, "integer": {"executed_lines": [], "summary": {"covered_lines": 0, "num_statements": 1, "percent_covered": 0.0, "percent_covered_display": "0", "missing_lines": 1, "excluded_lines": 0}, "missing_lines": [180], "excluded_lines": []}, "float_input": {"executed_lines": [], "summary": {"covered_lines": 0, "num_statements": 1, "percent_covered": 0.0, "percent_covered_display": "0", "missing_lines": 1, "excluded_lines": 0}, "missing_lines": [192], "excluded_lines": []}, "percentage": {"executed_lines": [], "summary": {"covered_lines": 0, "num_statements": 1, "percent_covered": 0.0, "percent_covered_display": "0", "missing_lines": 1, "excluded_lines": 0}, "missing_lines": [199], "excluded_lines": []}, "date": {"executed_lines": [], "summary": {"covered_lines": 0, "num_statements": 4, "percent_covered": 0.0, "percent_covered_display": "0", "missing_lines": 4, "excluded_lines": 0}, "missing_lines": [224, 228, 230, 231], "excluded_lines": []}, "time": {"executed_lines": [], "summary": {"covered_lines": 0, "num_statements": 3, "percent_covered": 0.0, "percent_covered_display": "0", "missing_lines": 3, "excluded_lines": 0}, "missing_lines": [241, 242, 243], "excluded_lines": []}, "datetime_input": {"executed_lines": [], "summary": {"covered_lines": 0, "num_statements": 3, "percent_covered": 0.0, "percent_covered_display": "0", "missing_lines": 3, "excluded_lines": 0}, "missing_lines": [253, 254, 255], "excluded_lines": []}, "color": {"executed_lines": [], "summary": {"covered_lines": 0, "num_statements": 4, "percent_covered": 0.0, "percent_covered_display": "0", "missing_lines": 4, "excluded_lines": 0}, "missing_lines": [279, 280, 282, 283], "excluded_lines": []}, "tree_select": {"executed_lines": [], "summary": {"covered_lines": 0, "num_statements": 4, "percent_covered": 0.0, "percent_covered_display": "0", "missing_lines": 4, "excluded_lines": 0}, "missing_lines": [307, 309, 322, 323], "excluded_lines": []}, "tree_select.flatten_dict": {"executed_lines": [], "summary": {"covered_lines": 0, "num_statements": 9, "percent_covered": 0.0, "percent_covered_display": "0", "missing_lines": 9, "excluded_lines": 0}, "missing_lines": [310, 311, 312, 313, 314, 316, 317, 319, 320], "excluded_lines": []}, "multi_level_select": {"executed_lines": [], "summary": {"covered_lines": 0, "num_statements": 1, "percent_covered": 0.0, "percent_covered_display": "0", "missing_lines": 1, "excluded_lines": 0}, "missing_lines": [332], "excluded_lines": []}, "tag_select": {"executed_lines": [], "summary": {"covered_lines": 0, "num_statements": 1, "percent_covered": 0.0, "percent_covered_display": "0", "missing_lines": 1, "excluded_lines": 0}, "missing_lines": [355], "excluded_lines": []}, "fuzzy_select": {"executed_lines": [], "summary": {"covered_lines": 0, "num_statements": 1, "percent_covered": 0.0, "percent_covered_display": "0", "missing_lines": 1, "excluded_lines": 0}, "missing_lines": [380], "excluded_lines": []}, "grouped_select": {"executed_lines": [], "summary": {"covered_lines": 0, "num_statements": 9, "percent_covered": 0.0, "percent_covered_display": "0", "missing_lines": 9, "excluded_lines": 0}, "missing_lines": [400, 401, 402, 403, 405, 406, 407, 409, 411], "excluded_lines": []}, "rating": {"executed_lines": [], "summary": {"covered_lines": 0, "num_statements": 6, "percent_covered": 0.0, "percent_covered_display": "0", "missing_lines": 6, "excluded_lines": 0}, "missing_lines": [434, 435, 436, 437, 439, 441], "excluded_lines": []}, "slider": {"executed_lines": [], "summary": {"covered_lines": 0, "num_statements": 1, "percent_covered": 0.0, "percent_covered_display": "0", "missing_lines": 1, "excluded_lines": 0}, "missing_lines": [466], "excluded_lines": []}, "table": {"executed_lines": [], "summary": {"covered_lines": 0, "num_statements": 1, "percent_covered": 0.0, "percent_covered_display": "0", "missing_lines": 1, "excluded_lines": 0}, "missing_lines": [498], "excluded_lines": []}, "form": {"executed_lines": [], "summary": {"covered_lines": 0, "num_statements": 2, "percent_covered": 0.0, "percent_covered_display": "0", "missing_lines": 2, "excluded_lines": 0}, "missing_lines": [519, 520], "excluded_lines": []}, "wizard": {"executed_lines": [], "summary": {"covered_lines": 0, "num_statements": 3, "percent_covered": 0.0, "percent_covered_display": "0", "missing_lines": 3, "excluded_lines": 0}, "missing_lines": [543, 544, 545], "excluded_lines": []}, "": {"executed_lines": [1, 11, 12, 13, 16, 17, 21, 24, 40, 48, 50, 52, 110, 111, 114, 117, 134, 147, 173, 185, 197, 202, 234, 246, 258, 286, 328, 335, 360, 385, 414, 444, 476, 505, 523, 549], "summary": {"covered_lines": 35, "num_statements": 65, "percent_covered": 53.84615384615385, "percent_covered_display": "54", "missing_lines": 30, "excluded_lines": 0}, "missing_lines": [53, 56, 58, 66, 67, 70, 71, 72, 73, 75, 79, 80, 83, 84, 85, 86, 87, 89, 90, 92, 93, 95, 96, 98, 99, 100, 104, 105, 106, 107], "excluded_lines": []}}, "classes": {"": {"executed_lines": [1, 11, 12, 13, 16, 17, 21, 24, 40, 48, 50, 52, 110, 111, 114, 117, 134, 147, 173, 185, 197, 202, 234, 246, 258, 286, 328, 335, 360, 385, 414, 444, 476, 505, 523, 549], "summary": {"covered_lines": 35, "num_statements": 135, "percent_covered": 25.925925925925927, "percent_covered_display": "26", "missing_lines": 100, "excluded_lines": 0}, "missing_lines": [27, 28, 29, 32, 33, 34, 37, 41, 42, 43, 45, 53, 56, 58, 66, 67, 70, 71, 72, 73, 75, 79, 80, 83, 84, 85, 86, 87, 89, 90, 92, 93, 95, 96, 98, 99, 100, 104, 105, 106, 107, 131, 144, 160, 164, 180, 192, 199, 224, 228, 230, 231, 241, 242, 243, 253, 254, 255, 279, 280, 282, 283, 307, 309, 310, 311, 312, 313, 314, 316, 317, 319, 320, 322, 323, 332, 355, 380, 400, 401, 402, 403, 405, 406, 407, 409, 411, 434, 435, 436, 437, 439, 441, 466, 498, 519, 520, 543, 544, 545], "excluded_lines": []}}}, "src/questionary_extended/utils.py": {"executed_lines": [], "summary": {"covered_lines": 0, "num_statements": 176, "percent_covered": 0.0, "percent_covered_display": "0", "missing_lines": 176, "excluded_lines": 0}, "missing_lines": [5, 6, 7, 9, 12, 15, 16, 19, 21, 23, 24, 25, 26, 29, 31, 34, 42, 43, 44, 45, 47, 49, 50, 51, 52, 54, 55, 57, 60, 63, 65, 66, 68, 71, 73, 76, 77, 80, 84, 86, 87, 88, 89, 92, 109, 110, 111, 115, 116, 117, 118, 119, 122, 123, 124, 125, 126, 127, 131, 132, 133, 134, 135, 138, 139, 140, 141, 145, 146, 147, 148, 149, 150, 151, 154, 157, 163, 166, 169, 172, 173, 175, 178, 180, 181, 183, 186, 188, 189, 190, 191, 193, 194, 195, 196, 197, 198, 201, 202, 203, 205, 206, 208, 209, 211, 214, 216, 219, 227, 228, 230, 232, 233, 235, 236, 239, 243, 244, 246, 247, 250, 251, 253, 256, 264, 266, 267, 268, 270, 272, 274, 275, 276, 278, 280, 282, 285, 287, 289, 292, 293, 297, 300, 307, 308, 310, 311, 314, 316, 317, 318, 319, 320, 321, 322, 323, 325, 326, 329, 331, 334, 336, 341, 344, 346, 347, 350, 357, 358, 360, 361, 362, 364, 366, 367, 369], "excluded_lines": [], "functions": {"format_date": {"executed_lines": [], "summary": {"covered_lines": 0, "num_statements": 8, "percent_covered": 0.0, "percent_covered_display": "0", "missing_lines": 8, "excluded_lines": 0}, "missing_lines": [15, 16, 19, 21, 23, 24, 25, 26], "excluded_lines": []}, "parse_date": {"executed_lines": [], "summary": {"covered_lines": 0, "num_statements": 1, "percent_covered": 0.0, "percent_covered_display": "0", "missing_lines": 1, "excluded_lines": 0}, "missing_lines": [31], "excluded_lines": []}, "format_number": {"executed_lines": [], "summary": {"covered_lines": 0, "num_statements": 12, "percent_covered": 0.0, "percent_covered_display": "0", "missing_lines": 12, "excluded_lines": 0}, "missing_lines": [42, 43, 44, 45, 47, 49, 50, 51, 52, 54, 55, 57], "excluded_lines": []}, "parse_number": {"executed_lines": [], "summary": {"covered_lines": 0, "num_statements": 4, "percent_covered": 0.0, "percent_covered_display": "0", "missing_lines": 4, "excluded_lines": 0}, "missing_lines": [63, 65, 66, 68], "excluded_lines": []}, "parse_color": {"executed_lines": [], "summary": {"covered_lines": 0, "num_statements": 41, "percent_covered": 0.0, "percent_covered_display": "0", "missing_lines": 41, "excluded_lines": 0}, "missing_lines": [73, 76, 77, 80, 84, 86, 87, 88, 89, 92, 109, 110, 111, 115, 116, 117, 118, 119, 122, 123, 124, 125, 126, 127, 131, 132, 133, 134, 135, 138, 139, 140, 141, 145, 146, 147, 148, 149, 150, 151, 154], "excluded_lines": []}, "render_markdown": {"executed_lines": [], "summary": {"covered_lines": 0, "num_statements": 6, "percent_covered": 0.0, "percent_covered_display": "0", "missing_lines": 6, "excluded_lines": 0}, "missing_lines": [163, 166, 169, 172, 173, 175], "excluded_lines": []}, "truncate_text": {"executed_lines": [], "summary": {"covered_lines": 0, "num_statements": 3, "percent_covered": 0.0, "percent_covered_display": "0", "missing_lines": 3, "excluded_lines": 0}, "missing_lines": [180, 181, 183], "excluded_lines": []}, "wrap_text": {"executed_lines": [], "summary": {"covered_lines": 0, "num_statements": 18, "percent_covered": 0.0, "percent_covered_display": "0", "missing_lines": 18, "excluded_lines": 0}, "missing_lines": [188, 189, 190, 191, 193, 194, 195, 196, 197, 198, 201, 202, 203, 205, 206, 208, 209, 211], "excluded_lines": []}, "center_text": {"executed_lines": [], "summary": {"covered_lines": 0, "num_statements": 1, "percent_covered": 0.0, "percent_covered_display": "0", "missing_lines": 1, "excluded_lines": 0}, "missing_lines": [216], "excluded_lines": []}, "create_progress_bar": {"executed_lines": [], "summary": {"covered_lines": 0, "num_statements": 7, "percent_covered": 0.0, "percent_covered_display": "0", "missing_lines": 7, "excluded_lines": 0}, "missing_lines": [227, 228, 230, 232, 233, 235, 236], "excluded_lines": []}, "create_table_row": {"executed_lines": [], "summary": {"covered_lines": 0, "num_statements": 7, "percent_covered": 0.0, "percent_covered_display": "0", "missing_lines": 7, "excluded_lines": 0}, "missing_lines": [243, 244, 246, 247, 250, 251, 253], "excluded_lines": []}, "create_tree_line": {"executed_lines": [], "summary": {"covered_lines": 0, "num_statements": 12, "percent_covered": 0.0, "percent_covered_display": "0", "missing_lines": 12, "excluded_lines": 0}, "missing_lines": [264, 266, 267, 268, 270, 272, 274, 275, 276, 278, 280, 282], "excluded_lines": []}, "sanitize_input": {"executed_lines": [], "summary": {"covered_lines": 0, "num_statements": 5, "percent_covered": 0.0, "percent_covered_display": "0", "missing_lines": 5, "excluded_lines": 0}, "missing_lines": [287, 289, 292, 293, 297], "excluded_lines": []}, "fuzzy_match": {"executed_lines": [], "summary": {"covered_lines": 0, "num_statements": 17, "percent_covered": 0.0, "percent_covered_display": "0", "missing_lines": 17, "excluded_lines": 0}, "missing_lines": [307, 308, 310, 311, 314, 316, 317, 318, 319, 320, 321, 322, 323, 325, 326, 329, 331], "excluded_lines": []}, "validate_email": {"executed_lines": [], "summary": {"covered_lines": 0, "num_statements": 2, "percent_covered": 0.0, "percent_covered_display": "0", "missing_lines": 2, "excluded_lines": 0}, "missing_lines": [336, 341], "excluded_lines": []}, "validate_url": {"executed_lines": [], "summary": {"covered_lines": 0, "num_statements": 2, "percent_covered": 0.0, "percent_covered_display": "0", "missing_lines": 2, "excluded_lines": 0}, "missing_lines": [346, 347], "excluded_lines": []}, "generate_choices_from_range": {"executed_lines": [], "summary": {"covered_lines": 0, "num_statements": 9, "percent_covered": 0.0, "percent_covered_display": "0", "missing_lines": 9, "excluded_lines": 0}, "missing_lines": [357, 358, 360, 361, 362, 364, 366, 367, 369], "excluded_lines": []}, "": {"executed_lines": [], "summary": {"covered_lines": 0, "num_statements": 21, "percent_covered": 0.0, "percent_covered_display": "0", "missing_lines": 21, "excluded_lines": 0}, "missing_lines": [5, 6, 7, 9, 12, 29, 34, 60, 71, 157, 178, 186, 214, 219, 239, 256, 285, 300, 334, 344, 350], "excluded_lines": []}}, "classes": {"": {"executed_lines": [], "summary": {"covered_lines": 0, "num_statements": 176, "percent_covered": 0.0, "percent_covered_display": "0", "missing_lines": 176, "excluded_lines": 0}, "missing_lines": [5, 6, 7, 9, 12, 15, 16, 19, 21, 23, 24, 25, 26, 29, 31, 34, 42, 43, 44, 45, 47, 49, 50, 51, 52, 54, 55, 57, 60, 63, 65, 66, 68, 71, 73, 76, 77, 80, 84, 86, 87, 88, 89, 92, 109, 110, 111, 115, 116, 117, 118, 119, 122, 123, 124, 125, 126, 127, 131, 132, 133, 134, 135, 138, 139, 140, 141, 145, 146, 147, 148, 149, 150, 151, 154, 157, 163, 166, 169, 172, 173, 175, 178, 180, 181, 183, 186, 188, 189, 190, 191, 193, 194, 195, 196, 197, 198, 201, 202, 203, 205, 206, 208, 209, 211, 214, 216, 219, 227, 228, 230, 232, 233, 235, 236, 239, 243, 244, 246, 247, 250, 251, 253, 256, 264, 266, 267, 268, 270, 272, 274, 275, 276, 278, 280, 282, 285, 287, 289, 292, 293, 297, 300, 307, 308, 310, 311, 314, 316, 317, 318, 319, 320, 321, 322, 323, 325, 326, 329, 331, 334, 336, 341, 344, 346, 347, 350, 357, 358, 360, 361, 362, 364, 366, 367, 369], "excluded_lines": []}}}, "src/questionary_extended/utils/__init__.py": {"executed_lines": [1, 10, 11, 12, 13, 14, 15, 16, 19, 34, 39, 82, 104, 105, 106, 107, 110, 114, 147, 157, 164, 168, 172, 179, 191, 195, 204], "summary": {"covered_lines": 26, "num_statements": 119, "percent_covered": 21.84873949579832, "percent_covered_display": "22", "missing_lines": 93, "excluded_lines": 2}, "missing_lines": [21, 23, 25, 27, 28, 29, 30, 31, 36, 50, 51, 52, 53, 55, 56, 58, 59, 64, 66, 67, 69, 70, 71, 72, 74, 76, 77, 79, 84, 85, 86, 87, 88, 89, 91, 92, 93, 94, 95, 96, 97, 98, 99, 100, 101, 111, 116, 118, 119, 120, 121, 122, 123, 124, 127, 128, 129, 130, 131, 134, 135, 136, 137, 138, 139, 140, 141, 144, 149, 151, 153, 154, 158, 159, 160, 161, 165, 169, 173, 174, 175, 176, 182, 183, 184, 185, 186, 187, 188, 192, 196, 197, 198], "excluded_lines": [199, 201], "functions": {"format_date": {"executed_lines": [], "summary": {"covered_lines": 0, "num_statements": 8, "percent_covered": 0.0, "percent_covered_display": "0", "missing_lines": 8, "excluded_lines": 0}, "missing_lines": [21, 23, 25, 27, 28, 29, 30, 31], "excluded_lines": []}, "parse_date": {"executed_lines": [], "summary": {"covered_lines": 0, "num_statements": 1, "percent_covered": 0.0, "percent_covered_display": "0", "missing_lines": 1, "excluded_lines": 0}, "missing_lines": [36], "excluded_lines": []}, "format_number": {"executed_lines": [], "summary": {"covered_lines": 0, "num_statements": 19, "percent_covered": 0.0, "percent_covered_display": "0", "missing_lines": 19, "excluded_lines": 0}, "missing_lines": [50, 51, 52, 53, 55, 56, 58, 59, 64, 66, 67, 69, 70, 71, 72, 74, 76, 77, 79], "excluded_lines": []}, "parse_number": {"executed_lines": [], "summary": {"covered_lines": 0, "num_statements": 17, "percent_covered": 0.0, "percent_covered_display": "0", "missing_lines": 17, "excluded_lines": 0}, "missing_lines": [84, 85, 86, 87, 88, 89, 91, 92, 93, 94, 95, 96, 97, 98, 99, 100, 101], "excluded_lines": []}, "_clamp": {"executed_lines": [], "summary": {"covered_lines": 0, "num_statements": 1, "percent_covered": 0.0, "percent_covered_display": "0", "missing_lines": 1, "excluded_lines": 0}, "missing_lines": [111], "excluded_lines": []}, "parse_color": {"executed_lines": [], "summary": {"covered_lines": 0, "num_statements": 22, "percent_covered": 0.0, "percent_covered_display": "0", "missing_lines": 22, "excluded_lines": 0}, "missing_lines": [116, 118, 119, 120, 121, 122, 123, 124, 127, 128, 129, 130, 131, 134, 135, 136, 137, 138, 139, 140, 141, 144], "excluded_lines": []}, "render_markdown": {"executed_lines": [], "summary": {"covered_lines": 0, "num_statements": 4, "percent_covered": 0.0, "percent_covered_display": "0", "missing_lines": 4, "excluded_lines": 0}, "missing_lines": [149, 151, 153, 154], "excluded_lines": []}, "truncate_text": {"executed_lines": [], "summary": {"covered_lines": 0, "num_statements": 4, "percent_covered": 0.0, "percent_covered_display": "0", "missing_lines": 4, "excluded_lines": 0}, "missing_lines": [158, 159, 160, 161], "excluded_lines": []}, "wrap_text": {"executed_lines": [], "summary": {"covered_lines": 0, "num_statements": 1, "percent_covered": 0.0, "percent_covered_display": "0", "missing_lines": 1, "excluded_lines": 0}, "missing_lines": [165], "excluded_lines": []}, "center_text": {"executed_lines": [], "summary": {"covered_lines": 0, "num_statements": 1, "percent_covered": 0.0, "percent_covered_display": "0", "missing_lines": 1, "excluded_lines": 0}, "missing_lines": [169], "excluded_lines": []}, "create_progress_bar": {"executed_lines": [], "summary": {"covered_lines": 0, "num_statements": 4, "percent_covered": 0.0, "percent_covered_display": "0", "missing_lines": 4, "excluded_lines": 0}, "missing_lines": [173, 174, 175, 176], "excluded_lines": []}, "fuzzy_match": {"executed_lines": [], "summary": {"covered_lines": 0, "num_statements": 7, "percent_covered": 0.0, "percent_covered_display": "0", "missing_lines": 7, "excluded_lines": 0}, "missing_lines": [182, 183, 184, 185, 186, 187, 188], "excluded_lines": []}, "validate_email": {"executed_lines": [], "summary": {"covered_lines": 0, "num_statements": 1, "percent_covered": 0.0, "percent_covered_display": "0", "missing_lines": 1, "excluded_lines": 0}, "missing_lines": [192], "excluded_lines": []}, "validate_url": {"executed_lines": [], "summary": {"covered_lines": 0, "num_statements": 3, "percent_covered": 0.0, "percent_covered_display": "0", "missing_lines": 3, "excluded_lines": 2}, "missing_lines": [196, 197, 198], "excluded_lines": [199, 201]}, "": {"executed_lines": [1, 10, 11, 12, 13, 14, 15, 16, 19, 34, 39, 82, 104, 105, 106, 107, 110, 114, 147, 157, 164, 168, 172, 179, 191, 195, 204], "summary": {"covered_lines": 26, "num_statements": 26, "percent_covered": 100.0, "percent_covered_display": "100", "missing_lines": 0, "excluded_lines": 0}, "missing_lines": [], "excluded_lines": []}}, "classes": {"Color": {"executed_lines": [], "summary": {"covered_lines": 0, "num_statements": 0, "percent_covered": 100.0, "percent_covered_display": "100", "missing_lines": 0, "excluded_lines": 0}, "missing_lines": [], "excluded_lines": []}, "": {"executed_lines": [1, 10, 11, 12, 13, 14, 15, 16, 19, 34, 39, 82, 104, 105, 106, 107, 110, 114, 147, 157, 164, 168, 172, 179, 191, 195, 204], "summary": {"covered_lines": 26, "num_statements": 119, "percent_covered": 21.84873949579832, "percent_covered_display": "22", "missing_lines": 93, "excluded_lines": 2}, "missing_lines": [21, 23, 25, 27, 28, 29, 30, 31, 36, 50, 51, 52, 53, 55, 56, 58, 59, 64, 66, 67, 69, 70, 71, 72, 74, 76, 77, 79, 84, 85, 86, 87, 88, 89, 91, 92, 93, 94, 95, 96, 97, 98, 99, 100, 101, 111, 116, 118, 119, 120, 121, 122, 123, 124, 127, 128, 129, 130, 131, 134, 135, 136, 137, 138, 139, 140, 141, 144, 149, 151, 153, 154, 158, 159, 160, 161, 165, 169, 173, 174, 175, 176, 182, 183, 184, 185, 186, 187, 188, 192, 196, 197, 198], "excluded_lines": [199, 201]}}}, "src/questionary_extended/validators.py": {"executed_lines": [1, 5, 6, 7, 9, 12, 23, 24, 26, 38, 80, 81, 83, 93, 127, 128, 130, 135, 149, 150, 152, 162, 165, 185, 186, 188, 193, 233, 234, 236, 245, 257, 258, 260, 266, 283, 284, 286, 293, 310, 311, 313, 316], "summary": {"covered_lines": 33, "num_statements": 139, "percent_covered": 23.741007194244606, "percent_covered_display": "24", "missing_lines": 106, "excluded_lines": 0}, "missing_lines": [14, 15, 16, 20, 33, 34, 35, 36, 39, 41, 42, 46, 47, 48, 50, 51, 52, 53, 54, 55, 59, 60, 65, 66, 71, 72, 73, 74, 89, 90, 91, 94, 96, 97, 102, 103, 104, 105, 110, 111, 118, 119, 136, 138, 139, 143, 144, 163, 166, 168, 169, 173, 174, 178, 179, 189, 190, 191, 194, 196, 197, 201, 203, 204, 205, 206, 208, 209, 210, 214, 215, 216, 223, 224, 242, 243, 246, 248, 249, 253, 254, 263, 264, 267, 268, 270, 271, 276, 277, 287, 288, 290, 291, 294, 296, 297, 301, 303, 304, 305, 314, 317, 318, 319, 320, 322], "excluded_lines": [], "functions": {"_doc_text": {"executed_lines": [], "summary": {"covered_lines": 0, "num_statements": 4, "percent_covered": 0.0, "percent_covered_display": "0", "missing_lines": 4, "excluded_lines": 0}, "missing_lines": [14, 15, 16, 20], "excluded_lines": []}, "NumberValidator.__init__": {"executed_lines": [], "summary": {"covered_lines": 0, "num_statements": 4, "percent_covered": 0.0, "percent_covered_display": "0", "missing_lines": 4, "excluded_lines": 0}, "missing_lines": [33, 34, 35, 36], "excluded_lines": []}, "NumberValidator.validate": {"executed_lines": [], "summary": {"covered_lines": 0, "num_statements": 20, "percent_covered": 0.0, "percent_covered_display": "0", "missing_lines": 20, "excluded_lines": 0}, "missing_lines": [39, 41, 42, 46, 47, 48, 50, 51, 52, 53, 54, 55, 59, 60, 65, 66, 71, 72, 73, 74], "excluded_lines": []}, "DateValidator.__init__": {"executed_lines": [], "summary": {"covered_lines": 0, "num_statements": 3, "percent_covered": 0.0, "percent_covered_display": "0", "missing_lines": 3, "excluded_lines": 0}, "missing_lines": [89, 90, 91], "excluded_lines": []}, "DateValidator.validate": {"executed_lines": [], "summary": {"covered_lines": 0, "num_statements": 11, "percent_covered": 0.0, "percent_covered_display": "0", "missing_lines": 11, "excluded_lines": 0}, "missing_lines": [94, 96, 97, 102, 103, 104, 105, 110, 111, 118, 119], "excluded_lines": []}, "EmailValidator.validate": {"executed_lines": [], "summary": {"covered_lines": 0, "num_statements": 5, "percent_covered": 0.0, "percent_covered_display": "0", "missing_lines": 5, "excluded_lines": 0}, "missing_lines": [136, 138, 139, 143, 144], "excluded_lines": []}, "URLValidator.__init__": {"executed_lines": [], "summary": {"covered_lines": 0, "num_statements": 1, "percent_covered": 0.0, "percent_covered_display": "0", "missing_lines": 1, "excluded_lines": 0}, "missing_lines": [163], "excluded_lines": []}, "URLValidator.validate": {"executed_lines": [], "summary": {"covered_lines": 0, "num_statements": 7, "percent_covered": 0.0, "percent_covered_display": "0", "missing_lines": 7, "excluded_lines": 0}, "missing_lines": [166, 168, 169, 173, 174, 178, 179], "excluded_lines": []}, "RangeValidator.__init__": {"executed_lines": [], "summary": {"covered_lines": 0, "num_statements": 3, "percent_covered": 0.0, "percent_covered_display": "0", "missing_lines": 3, "excluded_lines": 0}, "missing_lines": [189, 190, 191], "excluded_lines": []}, "RangeValidator.validate": {"executed_lines": [], "summary": {"covered_lines": 0, "num_statements": 16, "percent_covered": 0.0, "percent_covered_display": "0", "missing_lines": 16, "excluded_lines": 0}, "missing_lines": [194, 196, 197, 201, 203, 204, 205, 206, 208, 209, 210, 214, 215, 216, 223, 224], "excluded_lines": []}, "RegexValidator.__init__": {"executed_lines": [], "summary": {"covered_lines": 0, "num_statements": 2, "percent_covered": 0.0, "percent_covered_display": "0", "missing_lines": 2, "excluded_lines": 0}, "missing_lines": [242, 243], "excluded_lines": []}, "RegexValidator.validate": {"executed_lines": [], "summary": {"covered_lines": 0, "num_statements": 5, "percent_covered": 0.0, "percent_covered_display": "0", "missing_lines": 5, "excluded_lines": 0}, "missing_lines": [246, 248, 249, 253, 254], "excluded_lines": []}, "LengthValidator.__init__": {"executed_lines": [], "summary": {"covered_lines": 0, "num_statements": 2, "percent_covered": 0.0, "percent_covered_display": "0", "missing_lines": 2, "excluded_lines": 0}, "missing_lines": [263, 264], "excluded_lines": []}, "LengthValidator.validate": {"executed_lines": [], "summary": {"covered_lines": 0, "num_statements": 6, "percent_covered": 0.0, "percent_covered_display": "0", "missing_lines": 6, "excluded_lines": 0}, "missing_lines": [267, 268, 270, 271, 276, 277], "excluded_lines": []}, "ChoiceValidator.__init__": {"executed_lines": [], "summary": {"covered_lines": 0, "num_statements": 4, "percent_covered": 0.0, "percent_covered_display": "0", "missing_lines": 4, "excluded_lines": 0}, "missing_lines": [287, 288, 290, 291], "excluded_lines": []}, "ChoiceValidator.validate": {"executed_lines": [], "summary": {"covered_lines": 0, "num_statements": 7, "percent_covered": 0.0, "percent_covered_display": "0", "missing_lines": 7, "excluded_lines": 0}, "missing_lines": [294, 296, 297, 301, 303, 304, 305], "excluded_lines": []}, "CompositeValidator.__init__": {"executed_lines": [], "summary": {"covered_lines": 0, "num_statements": 1, "percent_covered": 0.0, "percent_covered_display": "0", "missing_lines": 1, "excluded_lines": 0}, "missing_lines": [314], "excluded_lines": []}, "CompositeValidator.validate": {"executed_lines": [], "summary": {"covered_lines": 0, "num_statements": 5, "percent_covered": 0.0, "percent_covered_display": "0", "missing_lines": 5, "excluded_lines": 0}, "missing_lines": [317, 318, 319, 320, 322], "excluded_lines": []}, "": {"executed_lines": [1, 5, 6, 7, 9, 12, 23, 24, 26, 38, 80, 81, 83, 93, 127, 128, 130, 135, 149, 150, 152, 162, 165, 185, 186, 188, 193, 233, 234, 236, 245, 257, 258, 260, 266, 283, 284, 286, 293, 310, 311, 313, 316], "summary": {"covered_lines": 33, "num_statements": 33, "percent_covered": 100.0, "percent_covered_display": "100", "missing_lines": 0, "excluded_lines": 0}, "missing_lines": [], "excluded_lines": []}}, "classes": {"NumberValidator": {"executed_lines": [], "summary": {"covered_lines": 0, "num_statements": 24, "percent_covered": 0.0, "percent_covered_display": "0", "missing_lines": 24, "excluded_lines": 0}, "missing_lines": [33, 34, 35, 36, 39, 41, 42, 46, 47, 48, 50, 51, 52, 53, 54, 55, 59, 60, 65, 66, 71, 72, 73, 74], "excluded_lines": []}, "DateValidator": {"executed_lines": [], "summary": {"covered_lines": 0, "num_statements": 14, "percent_covered": 0.0, "percent_covered_display": "0", "missing_lines": 14, "excluded_lines": 0}, "missing_lines": [89, 90, 91, 94, 96, 97, 102, 103, 104, 105, 110, 111, 118, 119], "excluded_lines": []}, "EmailValidator": {"executed_lines": [], "summary": {"covered_lines": 0, "num_statements": 5, "percent_covered": 0.0, "percent_covered_display": "0", "missing_lines": 5, "excluded_lines": 0}, "missing_lines": [136, 138, 139, 143, 144], "excluded_lines": []}, "URLValidator": {"executed_lines": [], "summary": {"covered_lines": 0, "num_statements": 8, "percent_covered": 0.0, "percent_covered_display": "0", "missing_lines": 8, "excluded_lines": 0}, "missing_lines": [163, 166, 168, 169, 173, 174, 178, 179], "excluded_lines": []}, "RangeValidator": {"executed_lines": [], "summary": {"covered_lines": 0, "num_statements": 19, "percent_covered": 0.0, "percent_covered_display": "0", "missing_lines": 19, "excluded_lines": 0}, "missing_lines": [189, 190, 191, 194, 196, 197, 201, 203, 204, 205, 206, 208, 209, 210, 214, 215, 216, 223, 224], "excluded_lines": []}, "RegexValidator": {"executed_lines": [], "summary": {"covered_lines": 0, "num_statements": 7, "percent_covered": 0.0, "percent_covered_display": "0", "missing_lines": 7, "excluded_lines": 0}, "missing_lines": [242, 243, 246, 248, 249, 253, 254], "excluded_lines": []}, "LengthValidator": {"executed_lines": [], "summary": {"covered_lines": 0, "num_statements": 8, "percent_covered": 0.0, "percent_covered_display": "0", "missing_lines": 8, "excluded_lines": 0}, "missing_lines": [263, 264, 267, 268, 270, 271, 276, 277], "excluded_lines": []}, "ChoiceValidator": {"executed_lines": [], "summary": {"covered_lines": 0, "num_statements": 11, "percent_covered": 0.0, "percent_covered_display": "0", "missing_lines": 11, "excluded_lines": 0}, "missing_lines": [287, 288, 290, 291, 294, 296, 297, 301, 303, 304, 305], "excluded_lines": []}, "CompositeValidator": {"executed_lines": [], "summary": {"covered_lines": 0, "num_statements": 6, "percent_covered": 0.0, "percent_covered_display": "0", "missing_lines": 6, "excluded_lines": 0}, "missing_lines": [314, 317, 318, 319, 320, 322], "excluded_lines": []}, "": {"executed_lines": [1, 5, 6, 7, 9, 12, 23, 24, 26, 38, 80, 81, 83, 93, 127, 128, 130, 135, 149, 150, 152, 162, 165, 185, 186, 188, 193, 233, 234, 236, 245, 257, 258, 260, 266, 283, 284, 286, 293, 310, 311, 313, 316], "summary": {"covered_lines": 33, "num_statements": 37, "percent_covered": 89.1891891891892, "percent_covered_display": "89", "missing_lines": 4, "excluded_lines": 0}, "missing_lines": [14, 15, 16, 20], "excluded_lines": []}}}, "src/tui_engine/questionary_factory.py": {"executed_lines": [1, 26, 27, 30, 31, 33, 36, 37, 47, 49, 50, 52, 72, 111, 126, 137, 141, 158, 176, 190, 203], "summary": {"covered_lines": 19, "num_statements": 48, "percent_covered": 39.583333333333336, "percent_covered_display": "40", "missing_lines": 29, "excluded_lines": 0}, "missing_lines": [65, 66, 68, 69, 70, 89, 91, 92, 93, 94, 95, 96, 97, 98, 101, 102, 103, 104, 105, 106, 107, 122, 123, 124, 133, 155, 173, 187, 199], "excluded_lines": [], "functions": {"QuestionaryProvider.__init__": {"executed_lines": [49, 50], "summary": {"covered_lines": 2, "num_statements": 2, "percent_covered": 100.0, "percent_covered_display": "100", "missing_lines": 0, "excluded_lines": 0}, "missing_lines": [], "excluded_lines": []}, "QuestionaryProvider.set_factory": {"executed_lines": [], "summary": {"covered_lines": 0, "num_statements": 5, "percent_covered": 0.0, "percent_covered_display": "0", "missing_lines": 5, "excluded_lines": 0}, "missing_lines": [65, 66, 68, 69, 70], "excluded_lines": []}, "QuestionaryProvider.get_questionary": {"executed_lines": [], "summary": {"covered_lines": 0, "num_statements": 16, "percent_covered": 0.0, "percent_covered_display": "0", "missing_lines": 16, "excluded_lines": 0}, "missing_lines": [89, 91, 92, 93, 94, 95, 96, 97, 98, 101, 102, 103, 104, 105, 106, 107], "excluded_lines": []}, "QuestionaryProvider.clear_factory": {"executed_lines": [], "summary": {"covered_lines": 0, "num_statements": 3, "percent_covered": 0.0, "percent_covered_display": "0", "missing_lines": 3, "excluded_lines": 0}, "missing_lines": [122, 123, 124], "excluded_lines": []}, "QuestionaryProvider.is_factory_set": {"executed_lines": [], "summary": {"covered_lines": 0, "num_statements": 1, "percent_covered": 0.0, "percent_covered_display": "0", "missing_lines": 1, "excluded_lines": 0}, "missing_lines": [133], "excluded_lines": []}, "set_questionary_factory": {"executed_lines": [], "summary": {"covered_lines": 0, "num_statements": 1, "percent_covered": 0.0, "percent_covered_display": "0", "missing_lines": 1, "excluded_lines": 0}, "missing_lines": [155], "excluded_lines": []}, "get_questionary": {"executed_lines": [], "summary": {"covered_lines": 0, "num_statements": 1, "percent_covered": 0.0, "percent_covered_display": "0", "missing_lines": 1, "excluded_lines": 0}, "missing_lines": [173], "excluded_lines": []}, "clear_questionary_factory": {"executed_lines": [], "summary": {"covered_lines": 0, "num_statements": 1, "percent_covered": 0.0, "percent_covered_display": "0", "missing_lines": 1, "excluded_lines": 0}, "missing_lines": [187], "excluded_lines": []}, "is_questionary_factory_set": {"executed_lines": [], "summary": {"covered_lines": 0, "num_statements": 1, "percent_covered": 0.0, "percent_covered_display": "0", "missing_lines": 1, "excluded_lines": 0}, "missing_lines": [199], "excluded_lines": []}, "": {"executed_lines": [1, 26, 27, 30, 31, 33, 36, 37, 47, 52, 72, 111, 126, 137, 141, 158, 176, 190, 203], "summary": {"covered_lines": 17, "num_statements": 17, "percent_covered": 100.0, "percent_covered_display": "100", "missing_lines": 0, "excluded_lines": 0}, "missing_lines": [], "excluded_lines": []}}, "classes": {"QuestionaryProvider": {"executed_lines": [49, 50], "summary": {"covered_lines": 2, "num_statements": 27, "percent_covered": 7.407407407407407, "percent_covered_display": "7", "missing_lines": 25, "excluded_lines": 0}, "missing_lines": [65, 66, 68, 69, 70, 89, 91, 92, 93, 94, 95, 96, 97, 98, 101, 102, 103, 104, 105, 106, 107, 122, 123, 124, 133], "excluded_lines": []}, "": {"executed_lines": [1, 26, 27, 30, 31, 33, 36, 37, 47, 52, 72, 111, 126, 137, 141, 158, 176, 190, 203], "summary": {"covered_lines": 17, "num_statements": 21, "percent_covered": 80.95238095238095, "percent_covered_display": "81", "missing_lines": 4, "excluded_lines": 0}, "missing_lines": [155, 173, 187, 199], "excluded_lines": []}}}}, "totals": {"covered_lines": 330, "num_statements": 1161, "percent_covered": 28.42377260981912, "percent_covered_display": "28", "missing_lines": 831, "excluded_lines": 9}}